Copyright 1986-2020 Xilinx, Inc. All Rights Reserved.
---------------------------------------------------------------------------------------------------------------------------------------------------------
| Tool Version : Vivado v.2020.1 (win64) Build 2902540 Wed May 27 19:54:49 MDT 2020
| Date         : Wed Nov  2 18:02:19 2022
| Host         : DESKTOP-AOVMD3L running 64-bit major release  (build 9200)
| Command      : report_utilization -file example_ibert_ultrascale_gth_0_utilization_placed.rpt -pb example_ibert_ultrascale_gth_0_utilization_placed.pb
| Design       : example_ibert_ultrascale_gth_0
| Device       : xczu15egffvb1156-2
| Design State : Fully Placed
---------------------------------------------------------------------------------------------------------------------------------------------------------

Utilization Design Information

Table of Contents
-----------------
1. CLB Logic
1.1 Summary of Registers by Type
2. CLB Logic Distribution
3. BLOCKRAM
4. ARITHMETIC
5. I/O
6. CLOCK
7. ADVANCED
8. CONFIGURATION
9. Primitives
10. Black Boxes
11. Instantiated Netlists

1. CLB Logic
------------

+----------------------------+-------+-------+-----------+-------+
|          Site Type         |  Used | Fixed | Available | Util% |
+----------------------------+-------+-------+-----------+-------+
| CLB LUTs                   | 17357 |     0 |    341280 |  5.09 |
|   LUT as Logic             | 16789 |     0 |    341280 |  4.92 |
|   LUT as Memory            |   568 |     0 |    184320 |  0.31 |
|     LUT as Distributed RAM |   288 |     0 |           |       |
|     LUT as Shift Register  |   280 |     0 |           |       |
| CLB Registers              | 35308 |     0 |    682560 |  5.17 |
|   Register as Flip Flop    | 35308 |     0 |    682560 |  5.17 |
|   Register as Latch        |     0 |     0 |    682560 |  0.00 |
| CARRY8                     |   321 |     0 |     42660 |  0.75 |
| F7 Muxes                   |  1176 |     0 |    170640 |  0.69 |
| F8 Muxes                   |   128 |     0 |     85320 |  0.15 |
| F9 Muxes                   |     0 |     0 |     42660 |  0.00 |
+----------------------------+-------+-------+-----------+-------+


1.1 Summary of Registers by Type
--------------------------------

+-------+--------------+-------------+--------------+
| Total | Clock Enable | Synchronous | Asynchronous |
+-------+--------------+-------------+--------------+
| 0     |            _ |           - |            - |
| 0     |            _ |           - |          Set |
| 0     |            _ |           - |        Reset |
| 0     |            _ |         Set |            - |
| 0     |            _ |       Reset |            - |
| 0     |          Yes |           - |            - |
| 584   |          Yes |           - |          Set |
| 1124  |          Yes |           - |        Reset |
| 549   |          Yes |         Set |            - |
| 33051 |          Yes |       Reset |            - |
+-------+--------------+-------------+--------------+


2. CLB Logic Distribution
-------------------------

+--------------------------------------------+-------+-------+-----------+-------+
|                  Site Type                 |  Used | Fixed | Available | Util% |
+--------------------------------------------+-------+-------+-----------+-------+
| CLB                                        |  4568 |     0 |     42660 | 10.71 |
|   CLBL                                     |  2165 |     0 |           |       |
|   CLBM                                     |  2403 |     0 |           |       |
| LUT as Logic                               | 16789 |     0 |    341280 |  4.92 |
|   using O5 output only                     |   357 |       |           |       |
|   using O6 output only                     | 12832 |       |           |       |
|   using O5 and O6                          |  3600 |       |           |       |
| LUT as Memory                              |   568 |     0 |    184320 |  0.31 |
|   LUT as Distributed RAM                   |   288 |     0 |           |       |
|     using O5 output only                   |     0 |       |           |       |
|     using O6 output only                   |     0 |       |           |       |
|     using O5 and O6                        |   288 |       |           |       |
|   LUT as Shift Register                    |   280 |     0 |           |       |
|     using O5 output only                   |     0 |       |           |       |
|     using O6 output only                   |   140 |       |           |       |
|     using O5 and O6                        |   140 |       |           |       |
| CLB Registers                              | 35308 |     0 |    682560 |  5.17 |
|   Register driven from within the CLB      | 11978 |       |           |       |
|   Register driven from outside the CLB     | 23330 |       |           |       |
|     LUT in front of the register is unused | 14443 |       |           |       |
|     LUT in front of the register is used   |  8887 |       |           |       |
| Unique Control Sets                        |  1666 |       |     85320 |  1.95 |
+--------------------------------------------+-------+-------+-----------+-------+
* * Note: Available Control Sets calculated as Slices * 2, Review the Control Sets Report for more information regarding control sets.


3. BLOCKRAM
-----------

+-------------------+------+-------+-----------+-------+
|     Site Type     | Used | Fixed | Available | Util% |
+-------------------+------+-------+-----------+-------+
| Block RAM Tile    |   40 |     0 |       744 |  5.38 |
|   RAMB36/FIFO*    |   40 |     0 |       744 |  5.38 |
|     RAMB36E2 only |   40 |       |           |       |
|   RAMB18          |    0 |     0 |      1488 |  0.00 |
| URAM              |    0 |     0 |       112 |  0.00 |
+-------------------+------+-------+-----------+-------+
* Note: Each Block RAM Tile only has one FIFO logic available and therefore can accommodate only one FIFO36E2 or one FIFO18E2. However, if a FIFO18E2 occupies a Block RAM Tile, that tile can still accommodate a RAMB18E2


4. ARITHMETIC
-------------

+----------------+------+-------+-----------+-------+
|    Site Type   | Used | Fixed | Available | Util% |
+----------------+------+-------+-----------+-------+
| DSPs           |   16 |     0 |      3528 |  0.45 |
|   DSP48E2 only |   16 |       |           |       |
+----------------+------+-------+-----------+-------+


5. I/O
------

+------------------+------+-------+-----------+-------+
|     Site Type    | Used | Fixed | Available | Util% |
+------------------+------+-------+-----------+-------+
| Bonded IOB       |    2 |     2 |       328 |  0.61 |
| HPIOB_M          |    1 |     1 |        96 |  1.04 |
|   INPUT          |    1 |       |           |       |
|   OUTPUT         |    0 |       |           |       |
|   BIDIR          |    0 |       |           |       |
| HPIOB_S          |    1 |     1 |        96 |  1.04 |
|   INPUT          |    1 |       |           |       |
|   OUTPUT         |    0 |       |           |       |
|   BIDIR          |    0 |       |           |       |
| HDIOB_M          |    0 |     0 |        60 |  0.00 |
| HDIOB_S          |    0 |     0 |        60 |  0.00 |
| HPIOB_SNGL       |    0 |     0 |        16 |  0.00 |
| HPIOBDIFFINBUF   |    1 |     1 |        96 |  1.04 |
|   DIFFINBUF      |    1 |     1 |           |       |
| HPIOBDIFFOUTBUF  |    0 |     0 |        96 |  0.00 |
| HDIOBDIFFINBUF   |    0 |     0 |        60 |  0.00 |
| BITSLICE_CONTROL |    0 |     0 |        32 |  0.00 |
| BITSLICE_RX_TX   |    0 |     0 |       208 |  0.00 |
| BITSLICE_TX      |    0 |     0 |        32 |  0.00 |
| RIU_OR           |    0 |     0 |        16 |  0.00 |
+------------------+------+-------+-----------+-------+


6. CLOCK
--------

+----------------------+------+-------+-----------+-------+
|       Site Type      | Used | Fixed | Available | Util% |
+----------------------+------+-------+-----------+-------+
| GLOBAL CLOCK BUFFERs |   42 |     0 |       404 | 10.40 |
|   BUFGCE             |    2 |     0 |       116 |  1.72 |
|   BUFGCE_DIV         |    0 |     0 |        16 |  0.00 |
|   BUFG_GT            |   40 |     0 |       168 | 23.81 |
|   BUFG_PS            |    0 |     0 |        72 |  0.00 |
|   BUFGCTRL*          |    0 |     0 |        32 |  0.00 |
| PLL                  |    0 |     0 |         8 |  0.00 |
| MMCM                 |    1 |     0 |         4 | 25.00 |
+----------------------+------+-------+-----------+-------+
* Note: Each used BUFGCTRL counts as two GLOBAL CLOCK BUFFERs. This table does not include global clocking resources, only buffer cell usage. See the Clock Utilization Report (report_clock_utilization) for detailed accounting of global clocking resource availability.


7. ADVANCED
-----------

+-----------------+------+-------+-----------+-------+
|    Site Type    | Used | Fixed | Available | Util% |
+-----------------+------+-------+-----------+-------+
| GTHE4_CHANNEL   |    8 |     8 |        24 | 33.33 |
| GTHE4_COMMON    |    2 |     2 |         6 | 33.33 |
| OBUFDS_GTE4     |    0 |     0 |        12 |  0.00 |
| OBUFDS_GTE4_ADV |    0 |     0 |        12 |  0.00 |
| PS8             |    0 |     0 |         1 |  0.00 |
| SYSMONE4        |    0 |     0 |         1 |  0.00 |
+-----------------+------+-------+-----------+-------+


8. CONFIGURATION
----------------

+-------------+------+-------+-----------+-------+
|  Site Type  | Used | Fixed | Available | Util% |
+-------------+------+-------+-----------+-------+
| BSCANE2     |    1 |     0 |         4 | 25.00 |
| DNA_PORTE2  |    0 |     0 |         1 |  0.00 |
| EFUSE_USR   |    0 |     0 |         1 |  0.00 |
| FRAME_ECCE4 |    0 |     0 |         1 |  0.00 |
| ICAPE3      |    0 |     0 |         2 |  0.00 |
| MASTER_JTAG |    0 |     0 |         1 |  0.00 |
| STARTUPE3   |    0 |     0 |         1 |  0.00 |
+-------------+------+-------+-----------+-------+


9. Primitives
-------------

+---------------+-------+---------------------+
|    Ref Name   |  Used | Functional Category |
+---------------+-------+---------------------+
| FDRE          | 33051 |            Register |
| LUT6          |  6795 |                 CLB |
| LUT5          |  4700 |                 CLB |
| LUT2          |  3465 |                 CLB |
| LUT4          |  3079 |                 CLB |
| LUT3          |  2010 |                 CLB |
| MUXF7         |  1176 |                 CLB |
| FDCE          |  1124 |            Register |
| FDPE          |   584 |            Register |
| FDSE          |   549 |            Register |
| RAMD32        |   536 |                 CLB |
| SRL16E        |   420 |                 CLB |
| LUT1          |   340 |                 CLB |
| CARRY8        |   321 |                 CLB |
| MUXF8         |   128 |                 CLB |
| RAMS32        |    40 |                 CLB |
| RAMB36E2      |    40 |           Block Ram |
| BUFG_GT       |    40 |               Clock |
| BUFG_GT_SYNC  |    24 |               Clock |
| DSP48E2       |    16 |          Arithmetic |
| GTHE4_CHANNEL |     8 |            Advanced |
| IBUFDS_GTE4   |     2 |                 I/O |
| GTHE4_COMMON  |     2 |            Advanced |
| BUFGCE        |     2 |               Clock |
| MMCME4_ADV    |     1 |               Clock |
| IBUFCTRL      |     1 |              Others |
| DIFFINBUF     |     1 |                 I/O |
| BSCANE2       |     1 |       Configuration |
+---------------+-------+---------------------+


10. Black Boxes
---------------

+----------+------+
| Ref Name | Used |
+----------+------+


11. Instantiated Netlists
-------------------------

+----------+------+
| Ref Name | Used |
+----------+------+
| dbg_hub  |    1 |
+----------+------+


