Copyright 1986-2020 Xilinx, Inc. All Rights Reserved.
---------------------------------------------------------------------------------------------------------------------------------------------------------
| Tool Version : Vivado v.2020.1 (win64) Build 2902540 Wed May 27 19:54:49 MDT 2020
| Date         : Thu Nov  3 10:39:20 2022
| Host         : DESKTOP-AOVMD3L running 64-bit major release  (build 9200)
| Command      : report_utilization -file example_ibert_ultrascale_gth_0_utilization_placed.rpt -pb example_ibert_ultrascale_gth_0_utilization_placed.pb
| Design       : example_ibert_ultrascale_gth_0
| Device       : xcku040ffva1156-2
| Design State : Fully Placed
---------------------------------------------------------------------------------------------------------------------------------------------------------

Utilization Design Information

Table of Contents
-----------------
1. CLB Logic
1.1 Summary of Registers by Type
2. CLB Logic Distribution
3. BLOCKRAM
4. ARITHMETIC
5. I/O
6. CLOCK
7. ADVANCED
8. CONFIGURATION
9. Primitives
10. Black Boxes
11. Instantiated Netlists

1. CLB Logic
------------

+----------------------------+-------+-------+-----------+-------+
|          Site Type         |  Used | Fixed | Available | Util% |
+----------------------------+-------+-------+-----------+-------+
| CLB LUTs                   |  7976 |     0 |    242400 |  3.29 |
|   LUT as Logic             |  7676 |     0 |    242400 |  3.17 |
|   LUT as Memory            |   300 |     0 |    112800 |  0.27 |
|     LUT as Distributed RAM |   160 |     0 |           |       |
|     LUT as Shift Register  |   140 |     0 |           |       |
| CLB Registers              | 15940 |     0 |    484800 |  3.29 |
|   Register as Flip Flop    | 15940 |     0 |    484800 |  3.29 |
|   Register as Latch        |     0 |     0 |    484800 |  0.00 |
| CARRY8                     |   128 |     0 |     30300 |  0.42 |
| F7 Muxes                   |   625 |     0 |    121200 |  0.52 |
| F8 Muxes                   |   117 |     0 |     60600 |  0.19 |
| F9 Muxes                   |     0 |     0 |     30300 |  0.00 |
+----------------------------+-------+-------+-----------+-------+


1.1 Summary of Registers by Type
--------------------------------

+-------+--------------+-------------+--------------+
| Total | Clock Enable | Synchronous | Asynchronous |
+-------+--------------+-------------+--------------+
| 0     |            _ |           - |            - |
| 0     |            _ |           - |          Set |
| 0     |            _ |           - |        Reset |
| 0     |            _ |         Set |            - |
| 0     |            _ |       Reset |            - |
| 0     |          Yes |           - |            - |
| 284   |          Yes |           - |          Set |
| 530   |          Yes |           - |        Reset |
| 267   |          Yes |         Set |            - |
| 14859 |          Yes |       Reset |            - |
+-------+--------------+-------------+--------------+


2. CLB Logic Distribution
-------------------------

+--------------------------------------------+-------+-------+-----------+-------+
|                  Site Type                 |  Used | Fixed | Available | Util% |
+--------------------------------------------+-------+-------+-----------+-------+
| CLB                                        |  2221 |     0 |     30300 |  7.33 |
|   CLBL                                     |  1379 |     0 |           |       |
|   CLBM                                     |   842 |     0 |           |       |
| LUT as Logic                               |  7676 |     0 |    242400 |  3.17 |
|   using O5 output only                     |   180 |       |           |       |
|   using O6 output only                     |  5757 |       |           |       |
|   using O5 and O6                          |  1739 |       |           |       |
| LUT as Memory                              |   300 |     0 |    112800 |  0.27 |
|   LUT as Distributed RAM                   |   160 |     0 |           |       |
|     using O5 output only                   |     0 |       |           |       |
|     using O6 output only                   |     0 |       |           |       |
|     using O5 and O6                        |   160 |       |           |       |
|   LUT as Shift Register                    |   140 |     0 |           |       |
|     using O5 output only                   |     0 |       |           |       |
|     using O6 output only                   |    70 |       |           |       |
|     using O5 and O6                        |    70 |       |           |       |
| CLB Registers                              | 15940 |     0 |    484800 |  3.29 |
|   Register driven from within the CLB      |  5609 |       |           |       |
|   Register driven from outside the CLB     | 10331 |       |           |       |
|     LUT in front of the register is unused |  6969 |       |           |       |
|     LUT in front of the register is used   |  3362 |       |           |       |
| Unique Control Sets                        |   735 |       |     60600 |  1.21 |
+--------------------------------------------+-------+-------+-----------+-------+
* * Note: Available Control Sets calculated as Slices * 2, Review the Control Sets Report for more information regarding control sets.


3. BLOCKRAM
-----------

+-------------------+------+-------+-----------+-------+
|     Site Type     | Used | Fixed | Available | Util% |
+-------------------+------+-------+-----------+-------+
| Block RAM Tile    |   20 |     0 |       600 |  3.33 |
|   RAMB36/FIFO*    |   20 |     0 |       600 |  3.33 |
|     RAMB36E2 only |   20 |       |           |       |
|   RAMB18          |    0 |     0 |      1200 |  0.00 |
+-------------------+------+-------+-----------+-------+
* Note: Each Block RAM Tile only has one FIFO logic available and therefore can accommodate only one FIFO36E2 or one FIFO18E2. However, if a FIFO18E2 occupies a Block RAM Tile, that tile can still accommodate a RAMB18E2


4. ARITHMETIC
-------------

+----------------+------+-------+-----------+-------+
|    Site Type   | Used | Fixed | Available | Util% |
+----------------+------+-------+-----------+-------+
| DSPs           |    8 |     0 |      1920 |  0.42 |
|   DSP48E2 only |    8 |       |           |       |
+----------------+------+-------+-----------+-------+


5. I/O
------

+------------------+------+-------+-----------+-------+
|     Site Type    | Used | Fixed | Available | Util% |
+------------------+------+-------+-----------+-------+
| Bonded IOB       |    2 |     2 |       520 |  0.38 |
| HPIOB            |    2 |     2 |       416 |  0.48 |
|   INPUT          |    2 |       |           |       |
|   OUTPUT         |    0 |       |           |       |
|   BIDIR          |    0 |       |           |       |
| HRIO             |    0 |     0 |       104 |  0.00 |
| HPIOBDIFFINBUF   |    1 |     1 |       192 |  0.52 |
|   DIFFINBUF      |    1 |     1 |           |       |
| HPIOBDIFFOUTBUF  |    0 |     0 |       192 |  0.00 |
| HRIODIFFINBUF    |    0 |     0 |        48 |  0.00 |
| HRIODIFFOUTBUF   |    0 |     0 |        48 |  0.00 |
| BITSLICE_CONTROL |    0 |     0 |        80 |  0.00 |
| BITSLICE_RX_TX   |    0 |     0 |       520 |  0.00 |
| BITSLICE_TX      |    0 |     0 |        80 |  0.00 |
| RIU_OR           |    0 |     0 |        40 |  0.00 |
+------------------+------+-------+-----------+-------+


6. CLOCK
--------

+----------------------+------+-------+-----------+-------+
|       Site Type      | Used | Fixed | Available | Util% |
+----------------------+------+-------+-----------+-------+
| GLOBAL CLOCK BUFFERs |   22 |     4 |       480 |  4.58 |
|   BUFGCE             |    6 |     4 |       240 |  2.50 |
|   BUFGCE_DIV         |    0 |     0 |        40 |  0.00 |
|   BUFG_GT            |   16 |     0 |       120 | 13.33 |
|   BUFGCTRL*          |    0 |     0 |        80 |  0.00 |
| PLLE3_ADV            |    0 |     0 |        20 |  0.00 |
| MMCME3_ADV           |    1 |     0 |        10 | 10.00 |
+----------------------+------+-------+-----------+-------+
* Note: Each used BUFGCTRL counts as two GLOBAL CLOCK BUFFERs. This table does not include global clocking resources, only buffer cell usage. See the Clock Utilization Report (report_clock_utilization) for detailed accounting of global clocking resource availability.


7. ADVANCED
-----------

+-----------------+------+-------+-----------+-------+
|    Site Type    | Used | Fixed | Available | Util% |
+-----------------+------+-------+-----------+-------+
| GTHE3_CHANNEL   |    4 |     4 |        20 | 20.00 |
| GTHE3_COMMON    |    1 |     1 |         5 | 20.00 |
| IBUFDS_GTE3     |    2 |     2 |        10 | 20.00 |
| OBUFDS_GTE3     |    0 |     0 |        10 |  0.00 |
| OBUFDS_GTE3_ADV |    0 |     0 |        10 |  0.00 |
| PCIE_3_1        |    0 |     0 |         3 |  0.00 |
| SYSMONE1        |    0 |     0 |         1 |  0.00 |
+-----------------+------+-------+-----------+-------+


8. CONFIGURATION
----------------

+-------------+------+-------+-----------+-------+
|  Site Type  | Used | Fixed | Available | Util% |
+-------------+------+-------+-----------+-------+
| BSCANE2     |    1 |     0 |         4 | 25.00 |
| DNA_PORTE2  |    0 |     0 |         1 |  0.00 |
| EFUSE_USR   |    0 |     0 |         1 |  0.00 |
| FRAME_ECCE3 |    0 |     0 |         1 |  0.00 |
| ICAPE3      |    0 |     0 |         2 |  0.00 |
| MASTER_JTAG |    0 |     0 |         1 |  0.00 |
| STARTUPE3   |    0 |     0 |         1 |  0.00 |
+-------------+------+-------+-----------+-------+


9. Primitives
-------------

+---------------+-------+---------------------+
|    Ref Name   |  Used | Functional Category |
+---------------+-------+---------------------+
| FDRE          | 14859 |            Register |
| LUT6          |  3089 |                 CLB |
| LUT5          |  2104 |                 CLB |
| LUT2          |  1609 |                 CLB |
| LUT4          |  1450 |                 CLB |
| LUT3          |  1000 |                 CLB |
| MUXF7         |   625 |                 CLB |
| FDCE          |   530 |            Register |
| RAMD32        |   296 |                 CLB |
| FDPE          |   284 |            Register |
| FDSE          |   267 |            Register |
| SRL16E        |   210 |                 CLB |
| LUT1          |   163 |                 CLB |
| CARRY8        |   128 |                 CLB |
| MUXF8         |   117 |                 CLB |
| RAMS32        |    24 |                 CLB |
| RAMB36E2      |    20 |           Block Ram |
| BUFG_GT       |    16 |               Clock |
| DSP48E2       |     8 |          Arithmetic |
| BUFG_GT_SYNC  |     8 |               Clock |
| BUFGCE        |     6 |               Clock |
| GTHE3_CHANNEL |     4 |            Advanced |
| IBUFDS_GTE3   |     2 |            Advanced |
| MMCME3_ADV    |     1 |               Clock |
| IBUFCTRL      |     1 |              Others |
| GTHE3_COMMON  |     1 |            Advanced |
| DIFFINBUF     |     1 |                 I/O |
| BSCANE2       |     1 |       Configuration |
+---------------+-------+---------------------+


10. Black Boxes
---------------

+----------+------+
| Ref Name | Used |
+----------+------+


11. Instantiated Netlists
-------------------------

+----------+------+
| Ref Name | Used |
+----------+------+
| dbg_hub  |    1 |
+----------+------+


