
*** Running vivado
    with args -log example_ibert_ultrascale_gth_0.vdi -applog -m64 -product Vivado -messageDb vivado.pb -mode batch -source example_ibert_ultrascale_gth_0.tcl -notrace



****** Vivado v2020.1 (64-bit)
  **** SW Build 2902540 on Wed May 27 19:54:49 MDT 2020
  **** IP Build 2902112 on Wed May 27 22:43:36 MDT 2020
    ** Copyright 1986-2020 Xilinx, Inc. All Rights Reserved.

source example_ibert_ultrascale_gth_0.tcl -notrace
Command: link_design -top example_ibert_ultrascale_gth_0 -part xcku040-ffva1156-2-i
Design is defaulting to srcset: sources_1
Design is defaulting to constrset: constrs_1
INFO: [Device 21-403] Loading part xcku040-ffva1156-2-i
Netlist sorting complete. Time (s): cpu = 00:00:01 ; elapsed = 00:00:00.613 . Memory (MB): peak = 1137.082 ; gain = 0.000
INFO: [Netlist 29-17] Analyzing 1025 Unisim elements for replacement
INFO: [Netlist 29-28] Unisim Transformation completed in 0 CPU seconds
INFO: [Project 1-479] Netlist was created with Vivado 2020.1
INFO: [Project 1-570] Preparing netlist for logic optimization
Parsing XDC File [b:/ku040_prj/ibert_ultrascale_gth_0_ex/ibert_ultrascale_gth_0_ex.srcs/sources_1/ip/ibert_ultrascale_gth_0/synth/ibert_ultrascale_gth_0.xdc] for cell 'u_ibert_gth_core/inst'
INFO: [Timing 38-35] Done setting XDC timing constraints. [b:/ku040_prj/ibert_ultrascale_gth_0_ex/ibert_ultrascale_gth_0_ex.srcs/sources_1/ip/ibert_ultrascale_gth_0/synth/ibert_ultrascale_gth_0.xdc:24]
WARNING: [Constraints 18-4434] Global Clock Buffer 'u_ibert_gth_core/inst/QUAD[0].u_q/CH[0].u_ch/u_buf_dmonitorclk' is LOCed to site 'BUFGCE_X1Y96'. Using a LOC constraint to assign the placement of a Global Clock Buffer can result in sub-optimal placement results. [b:/ku040_prj/ibert_ultrascale_gth_0_ex/ibert_ultrascale_gth_0_ex.srcs/sources_1/ip/ibert_ultrascale_gth_0/synth/ibert_ultrascale_gth_0.xdc:45]
Resolution: Remove the LOC constraint and use the CLOCK_REGION constraint to assign a Global Clock Buffer to a CLOCK_REGION.
WARNING: [Constraints 18-4434] Global Clock Buffer 'u_ibert_gth_core/inst/QUAD[0].u_q/CH[1].u_ch/u_buf_dmonitorclk' is LOCed to site 'BUFGCE_X1Y97'. Using a LOC constraint to assign the placement of a Global Clock Buffer can result in sub-optimal placement results. [b:/ku040_prj/ibert_ultrascale_gth_0_ex/ibert_ultrascale_gth_0_ex.srcs/sources_1/ip/ibert_ultrascale_gth_0/synth/ibert_ultrascale_gth_0.xdc:46]
Resolution: Remove the LOC constraint and use the CLOCK_REGION constraint to assign a Global Clock Buffer to a CLOCK_REGION.
WARNING: [Constraints 18-4434] Global Clock Buffer 'u_ibert_gth_core/inst/QUAD[0].u_q/CH[2].u_ch/u_buf_dmonitorclk' is LOCed to site 'BUFGCE_X1Y98'. Using a LOC constraint to assign the placement of a Global Clock Buffer can result in sub-optimal placement results. [b:/ku040_prj/ibert_ultrascale_gth_0_ex/ibert_ultrascale_gth_0_ex.srcs/sources_1/ip/ibert_ultrascale_gth_0/synth/ibert_ultrascale_gth_0.xdc:47]
Resolution: Remove the LOC constraint and use the CLOCK_REGION constraint to assign a Global Clock Buffer to a CLOCK_REGION.
WARNING: [Constraints 18-4434] Global Clock Buffer 'u_ibert_gth_core/inst/QUAD[0].u_q/CH[3].u_ch/u_buf_dmonitorclk' is LOCed to site 'BUFGCE_X1Y99'. Using a LOC constraint to assign the placement of a Global Clock Buffer can result in sub-optimal placement results. [b:/ku040_prj/ibert_ultrascale_gth_0_ex/ibert_ultrascale_gth_0_ex.srcs/sources_1/ip/ibert_ultrascale_gth_0/synth/ibert_ultrascale_gth_0.xdc:48]
Resolution: Remove the LOC constraint and use the CLOCK_REGION constraint to assign a Global Clock Buffer to a CLOCK_REGION.
Finished Parsing XDC File [b:/ku040_prj/ibert_ultrascale_gth_0_ex/ibert_ultrascale_gth_0_ex.srcs/sources_1/ip/ibert_ultrascale_gth_0/synth/ibert_ultrascale_gth_0.xdc] for cell 'u_ibert_gth_core/inst'
Parsing XDC File [b:/ku040_prj/ibert_ultrascale_gth_0_ex/ibert_ultrascale_gth_0_ex.srcs/sources_1/ip/ibert_ultrascale_gth_0/synth/sw_mcs_all.xdc] for cell 'u_ibert_gth_core/inst'
Finished Parsing XDC File [b:/ku040_prj/ibert_ultrascale_gth_0_ex/ibert_ultrascale_gth_0_ex.srcs/sources_1/ip/ibert_ultrascale_gth_0/synth/sw_mcs_all.xdc] for cell 'u_ibert_gth_core/inst'
Parsing XDC File [b:/ku040_prj/ibert_ultrascale_gth_0_ex/ibert_ultrascale_gth_0_ex.srcs/sources_1/ip/ibert_ultrascale_gth_0/synth/attributes.xdc] for cell 'u_ibert_gth_core/inst'
Finished Parsing XDC File [b:/ku040_prj/ibert_ultrascale_gth_0_ex/ibert_ultrascale_gth_0_ex.srcs/sources_1/ip/ibert_ultrascale_gth_0/synth/attributes.xdc] for cell 'u_ibert_gth_core/inst'
Parsing XDC File [b:/ku040_prj/ibert_ultrascale_gth_0_ex/imports/example_ibert_ultrascale_gth_0.xdc]
WARNING: [Timing 38-252] The BUFG_GT instance 'u_ibert_gth_core/inst/QUAD[0].u_q/u_common/u_clocking/rx_ind.u_rxusr0_0' has DIV pins that are not constant, so the automatically derived generated clock will use a worst case divide of 1. [b:/ku040_prj/ibert_ultrascale_gth_0_ex/imports/example_ibert_ultrascale_gth_0.xdc:37]
WARNING: [Timing 38-252] The BUFG_GT instance 'u_ibert_gth_core/inst/QUAD[0].u_q/u_common/u_clocking/rx_ind.u_rxusr0_1' has DIV pins that are not constant, so the automatically derived generated clock will use a worst case divide of 1. [b:/ku040_prj/ibert_ultrascale_gth_0_ex/imports/example_ibert_ultrascale_gth_0.xdc:37]
WARNING: [Timing 38-252] The BUFG_GT instance 'u_ibert_gth_core/inst/QUAD[0].u_q/u_common/u_clocking/rx_ind.u_rxusr1_0' has DIV pins that are not constant, so the automatically derived generated clock will use a worst case divide of 1. [b:/ku040_prj/ibert_ultrascale_gth_0_ex/imports/example_ibert_ultrascale_gth_0.xdc:37]
WARNING: [Timing 38-252] The BUFG_GT instance 'u_ibert_gth_core/inst/QUAD[0].u_q/u_common/u_clocking/rx_ind.u_rxusr1_1' has DIV pins that are not constant, so the automatically derived generated clock will use a worst case divide of 1. [b:/ku040_prj/ibert_ultrascale_gth_0_ex/imports/example_ibert_ultrascale_gth_0.xdc:37]
WARNING: [Timing 38-252] The BUFG_GT instance 'u_ibert_gth_core/inst/QUAD[0].u_q/u_common/u_clocking/rx_ind.u_rxusr2_0' has DIV pins that are not constant, so the automatically derived generated clock will use a worst case divide of 1. [b:/ku040_prj/ibert_ultrascale_gth_0_ex/imports/example_ibert_ultrascale_gth_0.xdc:37]
WARNING: [Timing 38-252] The BUFG_GT instance 'u_ibert_gth_core/inst/QUAD[0].u_q/u_common/u_clocking/rx_ind.u_rxusr2_1' has DIV pins that are not constant, so the automatically derived generated clock will use a worst case divide of 1. [b:/ku040_prj/ibert_ultrascale_gth_0_ex/imports/example_ibert_ultrascale_gth_0.xdc:37]
WARNING: [Timing 38-252] The BUFG_GT instance 'u_ibert_gth_core/inst/QUAD[0].u_q/u_common/u_clocking/rx_ind.u_rxusr3_0' has DIV pins that are not constant, so the automatically derived generated clock will use a worst case divide of 1. [b:/ku040_prj/ibert_ultrascale_gth_0_ex/imports/example_ibert_ultrascale_gth_0.xdc:37]
WARNING: [Timing 38-252] The BUFG_GT instance 'u_ibert_gth_core/inst/QUAD[0].u_q/u_common/u_clocking/rx_ind.u_rxusr3_1' has DIV pins that are not constant, so the automatically derived generated clock will use a worst case divide of 1. [b:/ku040_prj/ibert_ultrascale_gth_0_ex/imports/example_ibert_ultrascale_gth_0.xdc:37]
WARNING: [Timing 38-252] The BUFG_GT instance 'u_ibert_gth_core/inst/QUAD[0].u_q/u_common/u_clocking/tx_ind.u_txusr0_0' has DIV pins that are not constant, so the automatically derived generated clock will use a worst case divide of 1. [b:/ku040_prj/ibert_ultrascale_gth_0_ex/imports/example_ibert_ultrascale_gth_0.xdc:37]
WARNING: [Timing 38-252] The BUFG_GT instance 'u_ibert_gth_core/inst/QUAD[0].u_q/u_common/u_clocking/tx_ind.u_txusr0_1' has DIV pins that are not constant, so the automatically derived generated clock will use a worst case divide of 1. [b:/ku040_prj/ibert_ultrascale_gth_0_ex/imports/example_ibert_ultrascale_gth_0.xdc:37]
WARNING: [Timing 38-252] The BUFG_GT instance 'u_ibert_gth_core/inst/QUAD[0].u_q/u_common/u_clocking/tx_ind.u_txusr1_0' has DIV pins that are not constant, so the automatically derived generated clock will use a worst case divide of 1. [b:/ku040_prj/ibert_ultrascale_gth_0_ex/imports/example_ibert_ultrascale_gth_0.xdc:37]
WARNING: [Timing 38-252] The BUFG_GT instance 'u_ibert_gth_core/inst/QUAD[0].u_q/u_common/u_clocking/tx_ind.u_txusr1_1' has DIV pins that are not constant, so the automatically derived generated clock will use a worst case divide of 1. [b:/ku040_prj/ibert_ultrascale_gth_0_ex/imports/example_ibert_ultrascale_gth_0.xdc:37]
WARNING: [Timing 38-252] The BUFG_GT instance 'u_ibert_gth_core/inst/QUAD[0].u_q/u_common/u_clocking/tx_ind.u_txusr2_0' has DIV pins that are not constant, so the automatically derived generated clock will use a worst case divide of 1. [b:/ku040_prj/ibert_ultrascale_gth_0_ex/imports/example_ibert_ultrascale_gth_0.xdc:37]
WARNING: [Timing 38-252] The BUFG_GT instance 'u_ibert_gth_core/inst/QUAD[0].u_q/u_common/u_clocking/tx_ind.u_txusr2_1' has DIV pins that are not constant, so the automatically derived generated clock will use a worst case divide of 1. [b:/ku040_prj/ibert_ultrascale_gth_0_ex/imports/example_ibert_ultrascale_gth_0.xdc:37]
WARNING: [Timing 38-252] The BUFG_GT instance 'u_ibert_gth_core/inst/QUAD[0].u_q/u_common/u_clocking/tx_ind.u_txusr3_0' has DIV pins that are not constant, so the automatically derived generated clock will use a worst case divide of 1. [b:/ku040_prj/ibert_ultrascale_gth_0_ex/imports/example_ibert_ultrascale_gth_0.xdc:37]
WARNING: [Timing 38-252] The BUFG_GT instance 'u_ibert_gth_core/inst/QUAD[0].u_q/u_common/u_clocking/tx_ind.u_txusr3_1' has DIV pins that are not constant, so the automatically derived generated clock will use a worst case divide of 1. [b:/ku040_prj/ibert_ultrascale_gth_0_ex/imports/example_ibert_ultrascale_gth_0.xdc:37]
INFO: [Timing 38-2] Deriving generated clocks [b:/ku040_prj/ibert_ultrascale_gth_0_ex/imports/example_ibert_ultrascale_gth_0.xdc:37]
Finished Parsing XDC File [b:/ku040_prj/ibert_ultrascale_gth_0_ex/imports/example_ibert_ultrascale_gth_0.xdc]
Parsing XDC File [b:/ku040_prj/ibert_ultrascale_gth_0_ex/imports/ibert_ultrascale_gth_ip_example.xdc]
Finished Parsing XDC File [b:/ku040_prj/ibert_ultrascale_gth_0_ex/imports/ibert_ultrascale_gth_ip_example.xdc]
INFO: [Opt 31-138] Pushed 0 inverter(s) to 0 load pin(s).
Netlist sorting complete. Time (s): cpu = 00:00:01 ; elapsed = 00:00:00.019 . Memory (MB): peak = 1529.320 ; gain = 0.000
INFO: [Project 1-111] Unisim Transformation Summary:
  A total of 162 instances were transformed.
  DSP48E => DSP48E2 (DSP_ALU, DSP_A_B_DATA, DSP_C_DATA, DSP_MULTIPLIER, DSP_M_DATA, DSP_OUTPUT, DSP_PREADD, DSP_PREADD_DATA): 8 instances
  IBUFGDS => IBUFDS (DIFFINBUF, IBUFCTRL): 1 instance 
  LUT6_2 => LUT6_2 (LUT5, LUT6): 81 instances
  RAM32M16 => RAM32M16 (RAMD32(x14), RAMS32(x2)): 8 instances
  RAM32X1D => RAM32X1D (RAMD32(x2)): 64 instances

9 Infos, 20 Warnings, 0 Critical Warnings and 0 Errors encountered.
link_design completed successfully
link_design: Time (s): cpu = 00:00:26 ; elapsed = 00:00:29 . Memory (MB): peak = 1529.320 ; gain = 447.121
Command: opt_design
Attempting to get a license for feature 'Implementation' and/or device 'xcku040'
INFO: [Common 17-349] Got license for feature 'Implementation' and/or device 'xcku040'
Running DRC as a precondition to command opt_design

Starting DRC Task
INFO: [DRC 23-27] Running DRC with 2 threads
INFO: [Project 1-461] DRC finished with 0 Errors
INFO: [Project 1-462] Please refer to the DRC report (report_drc) for more information.

Time (s): cpu = 00:00:02 ; elapsed = 00:00:02 . Memory (MB): peak = 1529.320 ; gain = 0.000

Starting Cache Timing Information Task
INFO: [Timing 38-35] Done setting XDC timing constraints.
WARNING: [Timing 38-252] The BUFG_GT instance 'u_ibert_gth_core/inst/QUAD[0].u_q/u_common/u_clocking/rx_ind.u_rxusr0_0' has DIV pins that are not constant, so the automatically derived generated clock will use a worst case divide of 1.
WARNING: [Timing 38-252] The BUFG_GT instance 'u_ibert_gth_core/inst/QUAD[0].u_q/u_common/u_clocking/rx_ind.u_rxusr0_1' has DIV pins that are not constant, so the automatically derived generated clock will use a worst case divide of 1.
WARNING: [Timing 38-252] The BUFG_GT instance 'u_ibert_gth_core/inst/QUAD[0].u_q/u_common/u_clocking/rx_ind.u_rxusr1_0' has DIV pins that are not constant, so the automatically derived generated clock will use a worst case divide of 1.
WARNING: [Timing 38-252] The BUFG_GT instance 'u_ibert_gth_core/inst/QUAD[0].u_q/u_common/u_clocking/rx_ind.u_rxusr1_1' has DIV pins that are not constant, so the automatically derived generated clock will use a worst case divide of 1.
WARNING: [Timing 38-252] The BUFG_GT instance 'u_ibert_gth_core/inst/QUAD[0].u_q/u_common/u_clocking/rx_ind.u_rxusr2_0' has DIV pins that are not constant, so the automatically derived generated clock will use a worst case divide of 1.
WARNING: [Timing 38-252] The BUFG_GT instance 'u_ibert_gth_core/inst/QUAD[0].u_q/u_common/u_clocking/rx_ind.u_rxusr2_1' has DIV pins that are not constant, so the automatically derived generated clock will use a worst case divide of 1.
WARNING: [Timing 38-252] The BUFG_GT instance 'u_ibert_gth_core/inst/QUAD[0].u_q/u_common/u_clocking/rx_ind.u_rxusr3_0' has DIV pins that are not constant, so the automatically derived generated clock will use a worst case divide of 1.
WARNING: [Timing 38-252] The BUFG_GT instance 'u_ibert_gth_core/inst/QUAD[0].u_q/u_common/u_clocking/rx_ind.u_rxusr3_1' has DIV pins that are not constant, so the automatically derived generated clock will use a worst case divide of 1.
WARNING: [Timing 38-252] The BUFG_GT instance 'u_ibert_gth_core/inst/QUAD[0].u_q/u_common/u_clocking/tx_ind.u_txusr0_0' has DIV pins that are not constant, so the automatically derived generated clock will use a worst case divide of 1.
WARNING: [Timing 38-252] The BUFG_GT instance 'u_ibert_gth_core/inst/QUAD[0].u_q/u_common/u_clocking/tx_ind.u_txusr0_1' has DIV pins that are not constant, so the automatically derived generated clock will use a worst case divide of 1.
WARNING: [Timing 38-252] The BUFG_GT instance 'u_ibert_gth_core/inst/QUAD[0].u_q/u_common/u_clocking/tx_ind.u_txusr1_0' has DIV pins that are not constant, so the automatically derived generated clock will use a worst case divide of 1.
WARNING: [Timing 38-252] The BUFG_GT instance 'u_ibert_gth_core/inst/QUAD[0].u_q/u_common/u_clocking/tx_ind.u_txusr1_1' has DIV pins that are not constant, so the automatically derived generated clock will use a worst case divide of 1.
WARNING: [Timing 38-252] The BUFG_GT instance 'u_ibert_gth_core/inst/QUAD[0].u_q/u_common/u_clocking/tx_ind.u_txusr2_0' has DIV pins that are not constant, so the automatically derived generated clock will use a worst case divide of 1.
WARNING: [Timing 38-252] The BUFG_GT instance 'u_ibert_gth_core/inst/QUAD[0].u_q/u_common/u_clocking/tx_ind.u_txusr2_1' has DIV pins that are not constant, so the automatically derived generated clock will use a worst case divide of 1.
WARNING: [Timing 38-252] The BUFG_GT instance 'u_ibert_gth_core/inst/QUAD[0].u_q/u_common/u_clocking/tx_ind.u_txusr3_0' has DIV pins that are not constant, so the automatically derived generated clock will use a worst case divide of 1.
WARNING: [Timing 38-252] The BUFG_GT instance 'u_ibert_gth_core/inst/QUAD[0].u_q/u_common/u_clocking/tx_ind.u_txusr3_1' has DIV pins that are not constant, so the automatically derived generated clock will use a worst case divide of 1.
Ending Cache Timing Information Task | Checksum: 1f4687cad

Time (s): cpu = 00:00:03 ; elapsed = 00:00:02 . Memory (MB): peak = 1529.320 ; gain = 0.000

Starting Logic Optimization Task

Phase 1 Generate And Synthesize Debug Cores
INFO: [Chipscope 16-329] Generating Script for core instance : dbg_hub 
INFO: [IP_Flow 19-3806] Processing IP xilinx.com:ip:xsdbm:3.0 for cell dbg_hub_CV.
Netlist sorting complete. Time (s): cpu = 00:00:00 ; elapsed = 00:00:00.073 . Memory (MB): peak = 1785.168 ; gain = 0.000
Phase 1 Generate And Synthesize Debug Cores | Checksum: 1888ab1be

Time (s): cpu = 00:00:05 ; elapsed = 00:01:30 . Memory (MB): peak = 1785.168 ; gain = 42.352

Phase 2 Retarget
INFO: [Opt 31-138] Pushed 34 inverter(s) to 350 load pin(s).
INFO: [Opt 31-49] Retargeted 0 cell(s).
Phase 2 Retarget | Checksum: 1793e0bab

Time (s): cpu = 00:00:07 ; elapsed = 00:01:32 . Memory (MB): peak = 1785.168 ; gain = 42.352
INFO: [Opt 31-389] Phase Retarget created 114 cells and removed 201 cells
INFO: [Opt 31-1021] In phase Retarget, 47 netlist objects are constrained preventing optimization. Please run opt_design with -debug_log to get more detail. 

Phase 3 Constant propagation
INFO: [Opt 31-138] Pushed 0 inverter(s) to 0 load pin(s).
Phase 3 Constant propagation | Checksum: 1061f7a0d

Time (s): cpu = 00:00:07 ; elapsed = 00:01:32 . Memory (MB): peak = 1785.168 ; gain = 42.352
INFO: [Opt 31-389] Phase Constant propagation created 507 cells and removed 1072 cells
INFO: [Opt 31-1021] In phase Constant propagation, 45 netlist objects are constrained preventing optimization. Please run opt_design with -debug_log to get more detail. 

Phase 4 Sweep
Phase 4 Sweep | Checksum: a2456a31

Time (s): cpu = 00:00:09 ; elapsed = 00:01:34 . Memory (MB): peak = 1785.168 ; gain = 42.352
INFO: [Opt 31-389] Phase Sweep created 0 cells and removed 165 cells
INFO: [Opt 31-1021] In phase Sweep, 2309 netlist objects are constrained preventing optimization. Please run opt_design with -debug_log to get more detail. 

Phase 5 BUFG optimization
INFO: [Opt 31-1077] Phase BUFG optimization inserted 0 global clock buffer(s) for CLOCK_LOW_FANOUT.
Phase 5 BUFG optimization | Checksum: a2456a31

Time (s): cpu = 00:00:10 ; elapsed = 00:01:35 . Memory (MB): peak = 1785.168 ; gain = 42.352
INFO: [Opt 31-662] Phase BUFG optimization created 0 cells of which 0 are BUFGs and removed 0 cells.

Phase 6 Shift Register Optimization
INFO: [Opt 31-1064] SRL Remap converted 0 SRLs to 0 registers and converted 0 registers of register chains to 0 SRLs
Phase 6 Shift Register Optimization | Checksum: a2456a31

Time (s): cpu = 00:00:10 ; elapsed = 00:01:35 . Memory (MB): peak = 1785.168 ; gain = 42.352
INFO: [Opt 31-389] Phase Shift Register Optimization created 0 cells and removed 0 cells

Phase 7 Post Processing Netlist
Phase 7 Post Processing Netlist | Checksum: a2456a31

Time (s): cpu = 00:00:10 ; elapsed = 00:01:35 . Memory (MB): peak = 1785.168 ; gain = 42.352
INFO: [Opt 31-389] Phase Post Processing Netlist created 0 cells and removed 0 cells
INFO: [Opt 31-1021] In phase Post Processing Netlist, 63 netlist objects are constrained preventing optimization. Please run opt_design with -debug_log to get more detail. 
Opt_design Change Summary
=========================


-------------------------------------------------------------------------------------------------------------------------
|  Phase                        |  #Cells created  |  #Cells Removed  |  #Constrained objects preventing optimizations  |
-------------------------------------------------------------------------------------------------------------------------
|  Retarget                     |             114  |             201  |                                             47  |
|  Constant propagation         |             507  |            1072  |                                             45  |
|  Sweep                        |               0  |             165  |                                           2309  |
|  BUFG optimization            |               0  |               0  |                                              0  |
|  Shift Register Optimization  |               0  |               0  |                                              0  |
|  Post Processing Netlist      |               0  |               0  |                                             63  |
-------------------------------------------------------------------------------------------------------------------------



Starting Connectivity Check Task

Time (s): cpu = 00:00:00 ; elapsed = 00:00:00.076 . Memory (MB): peak = 1785.168 ; gain = 0.000
Ending Logic Optimization Task | Checksum: 1be21251a

Time (s): cpu = 00:00:11 ; elapsed = 00:01:36 . Memory (MB): peak = 1785.168 ; gain = 42.352

Starting Power Optimization Task
INFO: [Pwropt 34-132] Skipping clock gating for clocks with a period < 2.00 ns.
INFO: [Pwropt 34-9] Applying IDT optimizations ...
INFO: [Pwropt 34-10] Applying ODC optimizations ...
INFO: [Timing 38-35] Done setting XDC timing constraints.
WARNING: [Timing 38-252] The BUFG_GT instance 'u_ibert_gth_core/inst/QUAD[0].u_q/u_common/u_clocking/rx_ind.u_rxusr0_0' has DIV pins that are not constant, so the automatically derived generated clock will use a worst case divide of 1.
WARNING: [Timing 38-252] The BUFG_GT instance 'u_ibert_gth_core/inst/QUAD[0].u_q/u_common/u_clocking/rx_ind.u_rxusr0_1' has DIV pins that are not constant, so the automatically derived generated clock will use a worst case divide of 1.
WARNING: [Timing 38-252] The BUFG_GT instance 'u_ibert_gth_core/inst/QUAD[0].u_q/u_common/u_clocking/rx_ind.u_rxusr1_0' has DIV pins that are not constant, so the automatically derived generated clock will use a worst case divide of 1.
WARNING: [Timing 38-252] The BUFG_GT instance 'u_ibert_gth_core/inst/QUAD[0].u_q/u_common/u_clocking/rx_ind.u_rxusr1_1' has DIV pins that are not constant, so the automatically derived generated clock will use a worst case divide of 1.
WARNING: [Timing 38-252] The BUFG_GT instance 'u_ibert_gth_core/inst/QUAD[0].u_q/u_common/u_clocking/rx_ind.u_rxusr2_0' has DIV pins that are not constant, so the automatically derived generated clock will use a worst case divide of 1.
WARNING: [Timing 38-252] The BUFG_GT instance 'u_ibert_gth_core/inst/QUAD[0].u_q/u_common/u_clocking/rx_ind.u_rxusr2_1' has DIV pins that are not constant, so the automatically derived generated clock will use a worst case divide of 1.
WARNING: [Timing 38-252] The BUFG_GT instance 'u_ibert_gth_core/inst/QUAD[0].u_q/u_common/u_clocking/rx_ind.u_rxusr3_0' has DIV pins that are not constant, so the automatically derived generated clock will use a worst case divide of 1.
WARNING: [Timing 38-252] The BUFG_GT instance 'u_ibert_gth_core/inst/QUAD[0].u_q/u_common/u_clocking/rx_ind.u_rxusr3_1' has DIV pins that are not constant, so the automatically derived generated clock will use a worst case divide of 1.
WARNING: [Timing 38-252] The BUFG_GT instance 'u_ibert_gth_core/inst/QUAD[0].u_q/u_common/u_clocking/tx_ind.u_txusr0_0' has DIV pins that are not constant, so the automatically derived generated clock will use a worst case divide of 1.
WARNING: [Timing 38-252] The BUFG_GT instance 'u_ibert_gth_core/inst/QUAD[0].u_q/u_common/u_clocking/tx_ind.u_txusr0_1' has DIV pins that are not constant, so the automatically derived generated clock will use a worst case divide of 1.
WARNING: [Timing 38-252] The BUFG_GT instance 'u_ibert_gth_core/inst/QUAD[0].u_q/u_common/u_clocking/tx_ind.u_txusr1_0' has DIV pins that are not constant, so the automatically derived generated clock will use a worst case divide of 1.
WARNING: [Timing 38-252] The BUFG_GT instance 'u_ibert_gth_core/inst/QUAD[0].u_q/u_common/u_clocking/tx_ind.u_txusr1_1' has DIV pins that are not constant, so the automatically derived generated clock will use a worst case divide of 1.
WARNING: [Timing 38-252] The BUFG_GT instance 'u_ibert_gth_core/inst/QUAD[0].u_q/u_common/u_clocking/tx_ind.u_txusr2_0' has DIV pins that are not constant, so the automatically derived generated clock will use a worst case divide of 1.
WARNING: [Timing 38-252] The BUFG_GT instance 'u_ibert_gth_core/inst/QUAD[0].u_q/u_common/u_clocking/tx_ind.u_txusr2_1' has DIV pins that are not constant, so the automatically derived generated clock will use a worst case divide of 1.
WARNING: [Timing 38-252] The BUFG_GT instance 'u_ibert_gth_core/inst/QUAD[0].u_q/u_common/u_clocking/tx_ind.u_txusr3_0' has DIV pins that are not constant, so the automatically derived generated clock will use a worst case divide of 1.
WARNING: [Timing 38-252] The BUFG_GT instance 'u_ibert_gth_core/inst/QUAD[0].u_q/u_common/u_clocking/tx_ind.u_txusr3_1' has DIV pins that are not constant, so the automatically derived generated clock will use a worst case divide of 1.
Running Vector-less Activity Propagation...

Finished Running Vector-less Activity Propagation


Starting PowerOpt Patch Enables Task
INFO: [Pwropt 34-162] WRITE_MODE attribute of 0 BRAM(s) out of a total of 20 has been updated to save power. Run report_power_opt to get a complete listing of the BRAMs updated.
INFO: [Pwropt 34-201] Structural ODC has moved 0 WE to EN ports
Number of BRAM Ports augmented: 0 newly gated: 0 Total Ports: 40
Ending PowerOpt Patch Enables Task | Checksum: 1be21251a

Time (s): cpu = 00:00:00 ; elapsed = 00:00:00.206 . Memory (MB): peak = 3230.590 ; gain = 0.000
Ending Power Optimization Task | Checksum: 1be21251a

Time (s): cpu = 00:00:44 ; elapsed = 00:00:41 . Memory (MB): peak = 3230.590 ; gain = 1445.422

Starting Final Cleanup Task
Ending Final Cleanup Task | Checksum: 1be21251a

Time (s): cpu = 00:00:00 ; elapsed = 00:00:00 . Memory (MB): peak = 3230.590 ; gain = 0.000

Starting Netlist Obfuscation Task
Netlist sorting complete. Time (s): cpu = 00:00:00 ; elapsed = 00:00:00.018 . Memory (MB): peak = 3230.590 ; gain = 0.000
Ending Netlist Obfuscation Task | Checksum: 1be21251a

Time (s): cpu = 00:00:00 ; elapsed = 00:00:00.020 . Memory (MB): peak = 3230.590 ; gain = 0.000
INFO: [Common 17-83] Releasing license: Implementation
42 Infos, 68 Warnings, 0 Critical Warnings and 0 Errors encountered.
opt_design completed successfully
opt_design: Time (s): cpu = 00:01:02 ; elapsed = 00:02:23 . Memory (MB): peak = 3230.590 ; gain = 1701.270
INFO: [Timing 38-35] Done setting XDC timing constraints.
WARNING: [Timing 38-252] The BUFG_GT instance 'u_ibert_gth_core/inst/QUAD[0].u_q/u_common/u_clocking/rx_ind.u_rxusr0_0' has DIV pins that are not constant, so the automatically derived generated clock will use a worst case divide of 1.
WARNING: [Timing 38-252] The BUFG_GT instance 'u_ibert_gth_core/inst/QUAD[0].u_q/u_common/u_clocking/rx_ind.u_rxusr0_1' has DIV pins that are not constant, so the automatically derived generated clock will use a worst case divide of 1.
WARNING: [Timing 38-252] The BUFG_GT instance 'u_ibert_gth_core/inst/QUAD[0].u_q/u_common/u_clocking/rx_ind.u_rxusr1_0' has DIV pins that are not constant, so the automatically derived generated clock will use a worst case divide of 1.
WARNING: [Timing 38-252] The BUFG_GT instance 'u_ibert_gth_core/inst/QUAD[0].u_q/u_common/u_clocking/rx_ind.u_rxusr1_1' has DIV pins that are not constant, so the automatically derived generated clock will use a worst case divide of 1.
WARNING: [Timing 38-252] The BUFG_GT instance 'u_ibert_gth_core/inst/QUAD[0].u_q/u_common/u_clocking/rx_ind.u_rxusr2_0' has DIV pins that are not constant, so the automatically derived generated clock will use a worst case divide of 1.
WARNING: [Timing 38-252] The BUFG_GT instance 'u_ibert_gth_core/inst/QUAD[0].u_q/u_common/u_clocking/rx_ind.u_rxusr2_1' has DIV pins that are not constant, so the automatically derived generated clock will use a worst case divide of 1.
WARNING: [Timing 38-252] The BUFG_GT instance 'u_ibert_gth_core/inst/QUAD[0].u_q/u_common/u_clocking/rx_ind.u_rxusr3_0' has DIV pins that are not constant, so the automatically derived generated clock will use a worst case divide of 1.
WARNING: [Timing 38-252] The BUFG_GT instance 'u_ibert_gth_core/inst/QUAD[0].u_q/u_common/u_clocking/rx_ind.u_rxusr3_1' has DIV pins that are not constant, so the automatically derived generated clock will use a worst case divide of 1.
WARNING: [Timing 38-252] The BUFG_GT instance 'u_ibert_gth_core/inst/QUAD[0].u_q/u_common/u_clocking/tx_ind.u_txusr0_0' has DIV pins that are not constant, so the automatically derived generated clock will use a worst case divide of 1.
WARNING: [Timing 38-252] The BUFG_GT instance 'u_ibert_gth_core/inst/QUAD[0].u_q/u_common/u_clocking/tx_ind.u_txusr0_1' has DIV pins that are not constant, so the automatically derived generated clock will use a worst case divide of 1.
WARNING: [Timing 38-252] The BUFG_GT instance 'u_ibert_gth_core/inst/QUAD[0].u_q/u_common/u_clocking/tx_ind.u_txusr1_0' has DIV pins that are not constant, so the automatically derived generated clock will use a worst case divide of 1.
WARNING: [Timing 38-252] The BUFG_GT instance 'u_ibert_gth_core/inst/QUAD[0].u_q/u_common/u_clocking/tx_ind.u_txusr1_1' has DIV pins that are not constant, so the automatically derived generated clock will use a worst case divide of 1.
WARNING: [Timing 38-252] The BUFG_GT instance 'u_ibert_gth_core/inst/QUAD[0].u_q/u_common/u_clocking/tx_ind.u_txusr2_0' has DIV pins that are not constant, so the automatically derived generated clock will use a worst case divide of 1.
WARNING: [Timing 38-252] The BUFG_GT instance 'u_ibert_gth_core/inst/QUAD[0].u_q/u_common/u_clocking/tx_ind.u_txusr2_1' has DIV pins that are not constant, so the automatically derived generated clock will use a worst case divide of 1.
WARNING: [Timing 38-252] The BUFG_GT instance 'u_ibert_gth_core/inst/QUAD[0].u_q/u_common/u_clocking/tx_ind.u_txusr3_0' has DIV pins that are not constant, so the automatically derived generated clock will use a worst case divide of 1.
WARNING: [Timing 38-252] The BUFG_GT instance 'u_ibert_gth_core/inst/QUAD[0].u_q/u_common/u_clocking/tx_ind.u_txusr3_1' has DIV pins that are not constant, so the automatically derived generated clock will use a worst case divide of 1.
INFO: [Timing 38-480] Writing timing data to binary archive.
Writing placer database...
Writing XDEF routing.
Writing XDEF routing logical nets.
Writing XDEF routing special nets.
Write XDEF Complete: Time (s): cpu = 00:00:00 ; elapsed = 00:00:00.070 . Memory (MB): peak = 3230.590 ; gain = 0.000
INFO: [Common 17-1381] The checkpoint 'b:/ku040_prj/ibert_ultrascale_gth_0_ex/ibert_ultrascale_gth_0_ex.runs/impl_1/example_ibert_ultrascale_gth_0_opt.dcp' has been generated.
write_checkpoint: Time (s): cpu = 00:00:10 ; elapsed = 00:00:06 . Memory (MB): peak = 3230.590 ; gain = 0.000
INFO: [runtcl-4] Executing : report_drc -file example_ibert_ultrascale_gth_0_drc_opted.rpt -pb example_ibert_ultrascale_gth_0_drc_opted.pb -rpx example_ibert_ultrascale_gth_0_drc_opted.rpx
Command: report_drc -file example_ibert_ultrascale_gth_0_drc_opted.rpt -pb example_ibert_ultrascale_gth_0_drc_opted.pb -rpx example_ibert_ultrascale_gth_0_drc_opted.rpx
INFO: [IP_Flow 19-1839] IP Catalog is up to date.
INFO: [DRC 23-27] Running DRC with 2 threads
INFO: [Coretcl 2-168] The results of DRC are in file b:/ku040_prj/ibert_ultrascale_gth_0_ex/ibert_ultrascale_gth_0_ex.runs/impl_1/example_ibert_ultrascale_gth_0_drc_opted.rpt.
report_drc completed successfully
INFO: [Chipscope 16-240] Debug cores have already been implemented
Command: place_design
Attempting to get a license for feature 'Implementation' and/or device 'xcku040'
INFO: [Common 17-349] Got license for feature 'Implementation' and/or device 'xcku040'
Parsing TCL File [b:/ku040_prj/ibert_ultrascale_gth_0_ex/ibert_ultrascale_gth_0_ex.srcs/sources_1/ip/ibert_ultrascale_gth_0/tcl/quad_pblock.tcl] from IP b:/ku040_prj/ibert_ultrascale_gth_0_ex/ibert_ultrascale_gth_0_ex.srcs/sources_1/ip/ibert_ultrascale_gth_0/ibert_ultrascale_gth_0.xci
Sourcing Tcl File [b:/ku040_prj/ibert_ultrascale_gth_0_ex/ibert_ultrascale_gth_0_ex.srcs/sources_1/ip/ibert_ultrascale_gth_0/tcl/quad_pblock.tcl]
INFO: [Vivado 12-3520] Assignment of 'QUAD[0].u_q' to a pblock 'pblock_u_ibert_gth_core/inst/QUAD[0].u_q' means that all children of 'u_ibert_gth_core' are in the pblock. Changing the pblock assignment to 'u_ibert_gth_core'. [b:/ku040_prj/ibert_ultrascale_gth_0_ex/ibert_ultrascale_gth_0_ex.srcs/sources_1/ip/ibert_ultrascale_gth_0/tcl/quad_pblock.tcl:2]
Finished Sourcing Tcl File [b:/ku040_prj/ibert_ultrascale_gth_0_ex/ibert_ultrascale_gth_0_ex.srcs/sources_1/ip/ibert_ultrascale_gth_0/tcl/quad_pblock.tcl]
INFO: [DRC 23-27] Running DRC with 2 threads
INFO: [Vivado_Tcl 4-198] DRC finished with 0 Errors
INFO: [Vivado_Tcl 4-199] Please refer to the DRC report (report_drc) for more information.
Running DRC as a precondition to command place_design
INFO: [DRC 23-27] Running DRC with 2 threads
INFO: [Vivado_Tcl 4-198] DRC finished with 0 Errors
INFO: [Vivado_Tcl 4-199] Please refer to the DRC report (report_drc) for more information.

Starting Placer Task
INFO: [Place 30-611] Multithreading enabled for place_design using a maximum of 2 CPUs

Phase 1 Placer Initialization

Phase 1.1 Placer Initialization Netlist Sorting
Netlist sorting complete. Time (s): cpu = 00:00:00 ; elapsed = 00:00:00.018 . Memory (MB): peak = 3230.590 ; gain = 0.000
Phase 1.1 Placer Initialization Netlist Sorting | Checksum: 101e15f88

Time (s): cpu = 00:00:00 ; elapsed = 00:00:00.030 . Memory (MB): peak = 3230.590 ; gain = 0.000
Netlist sorting complete. Time (s): cpu = 00:00:00 ; elapsed = 00:00:00.018 . Memory (MB): peak = 3230.590 ; gain = 0.000

Phase 1.2 IO Placement/ Clock Placement/ Build Placer Device
Phase 1.2 IO Placement/ Clock Placement/ Build Placer Device | Checksum: de89d8d5

Time (s): cpu = 00:00:09 ; elapsed = 00:00:05 . Memory (MB): peak = 3230.590 ; gain = 0.000

Phase 1.3 Build Placer Netlist Model
Phase 1.3 Build Placer Netlist Model | Checksum: 1b9aa3404

Time (s): cpu = 00:00:18 ; elapsed = 00:00:12 . Memory (MB): peak = 3230.590 ; gain = 0.000

Phase 1.4 Constrain Clocks/Macros
Phase 1.4 Constrain Clocks/Macros | Checksum: 1b9aa3404

Time (s): cpu = 00:00:18 ; elapsed = 00:00:12 . Memory (MB): peak = 3230.590 ; gain = 0.000
Phase 1 Placer Initialization | Checksum: 1b9aa3404

Time (s): cpu = 00:00:18 ; elapsed = 00:00:12 . Memory (MB): peak = 3230.590 ; gain = 0.000

Phase 2 Global Placement

Phase 2.1 Floorplanning
Phase 2.1 Floorplanning | Checksum: 18a962cfd

Time (s): cpu = 00:00:21 ; elapsed = 00:00:13 . Memory (MB): peak = 3230.590 ; gain = 0.000

Phase 2.2 Global Placement Core

Phase 2.2.1 Physical Synthesis In Placer
INFO: [Physopt 32-1035] Found 0 LUTNM shape to break, 726 LUT instances to create LUTNM shape
INFO: [Physopt 32-1044] Break lutnm for timing: one critical 0, two critical 0, total 0, new lutff created 0
INFO: [Physopt 32-775] End 1 Pass. Optimized 262 nets or cells. Created 0 new cell, deleted 262 existing cells and moved 0 existing cell
INFO: [Physopt 32-65] No nets found for high-fanout optimization.
INFO: [Physopt 32-232] Optimized 0 net. Created 0 new instance.
INFO: [Physopt 32-775] End 1 Pass. Optimized 0 net or cell. Created 0 new cell, deleted 0 existing cell and moved 0 existing cell
INFO: [Physopt 32-670] No setup violation found.  DSP Register Optimization was not performed.
INFO: [Physopt 32-670] No setup violation found.  Shift Register to Pipeline Optimization was not performed.
INFO: [Physopt 32-670] No setup violation found.  Shift Register Optimization was not performed.
INFO: [Physopt 32-670] No setup violation found.  BRAM Register Optimization was not performed.
INFO: [Physopt 32-670] No setup violation found.  URAM Register Optimization was not performed.
INFO: [Physopt 32-949] No candidate nets found for HD net replication
INFO: [Physopt 32-775] End 1 Pass. Optimized 0 net or cell. Created 0 new cell, deleted 0 existing cell and moved 0 existing cell
Netlist sorting complete. Time (s): cpu = 00:00:00 ; elapsed = 00:00:00.018 . Memory (MB): peak = 3230.590 ; gain = 0.000

Summary of Physical Synthesis Optimizations
============================================


-----------------------------------------------------------------------------------------------------------------------------------------------------------
|  Optimization                                     |  Added Cells  |  Removed Cells  |  Optimized Cells/Nets  |  Dont Touch  |  Iterations  |  Elapsed   |
-----------------------------------------------------------------------------------------------------------------------------------------------------------
|  LUT Combining                                    |            0  |            262  |                   262  |           0  |           1  |  00:00:01  |
|  Very High Fanout                                 |            0  |              0  |                     0  |           0  |           1  |  00:00:00  |
|  DSP Register                                     |            0  |              0  |                     0  |           0  |           0  |  00:00:00  |
|  Shift Register to Pipeline                       |            0  |              0  |                     0  |           0  |           0  |  00:00:00  |
|  Shift Register                                   |            0  |              0  |                     0  |           0  |           0  |  00:00:00  |
|  BRAM Register                                    |            0  |              0  |                     0  |           0  |           0  |  00:00:00  |
|  URAM Register                                    |            0  |              0  |                     0  |           0  |           0  |  00:00:00  |
|  Dynamic/Static Region Interface Net Replication  |            0  |              0  |                     0  |           0  |           1  |  00:00:00  |
|  Total                                            |            0  |            262  |                   262  |           0  |           3  |  00:00:01  |
-----------------------------------------------------------------------------------------------------------------------------------------------------------


Phase 2.2.1 Physical Synthesis In Placer | Checksum: f5a23fb3

Time (s): cpu = 00:00:52 ; elapsed = 00:00:31 . Memory (MB): peak = 3230.590 ; gain = 0.000
Phase 2.2 Global Placement Core | Checksum: 148257777

Time (s): cpu = 00:00:53 ; elapsed = 00:00:32 . Memory (MB): peak = 3230.590 ; gain = 0.000
Phase 2 Global Placement | Checksum: 148257777

Time (s): cpu = 00:00:53 ; elapsed = 00:00:32 . Memory (MB): peak = 3230.590 ; gain = 0.000

Phase 3 Detail Placement

Phase 3.1 Commit Multi Column Macros
Phase 3.1 Commit Multi Column Macros | Checksum: 1043fe667

Time (s): cpu = 00:00:55 ; elapsed = 00:00:33 . Memory (MB): peak = 3230.590 ; gain = 0.000

Phase 3.2 Commit Most Macros & LUTRAMs
Phase 3.2 Commit Most Macros & LUTRAMs | Checksum: 949a43c7

Time (s): cpu = 00:00:58 ; elapsed = 00:00:35 . Memory (MB): peak = 3230.590 ; gain = 0.000

Phase 3.3 Area Swap Optimization
Phase 3.3 Area Swap Optimization | Checksum: 185b6e0e8

Time (s): cpu = 00:00:58 ; elapsed = 00:00:35 . Memory (MB): peak = 3230.590 ; gain = 0.000

Phase 3.4 Pipeline Register Optimization
Phase 3.4 Pipeline Register Optimization | Checksum: 1874643f5

Time (s): cpu = 00:00:58 ; elapsed = 00:00:35 . Memory (MB): peak = 3230.590 ; gain = 0.000

Phase 3.5 Small Shape DP

Phase 3.5.1 Small Shape Clustering
Phase 3.5.1 Small Shape Clustering | Checksum: 175c14b17

Time (s): cpu = 00:01:01 ; elapsed = 00:00:37 . Memory (MB): peak = 3230.590 ; gain = 0.000

Phase 3.5.2 DP Optimization
Phase 3.5.2 DP Optimization | Checksum: f3849e0f

Time (s): cpu = 00:01:19 ; elapsed = 00:00:46 . Memory (MB): peak = 3230.590 ; gain = 0.000

Phase 3.5.3 Flow Legalize Slice Clusters
Phase 3.5.3 Flow Legalize Slice Clusters | Checksum: 11b88429d

Time (s): cpu = 00:01:19 ; elapsed = 00:00:46 . Memory (MB): peak = 3230.590 ; gain = 0.000

Phase 3.5.4 Slice Area Swap
Phase 3.5.4 Slice Area Swap | Checksum: 9f77cf68

Time (s): cpu = 00:01:21 ; elapsed = 00:00:48 . Memory (MB): peak = 3230.590 ; gain = 0.000
Phase 3.5 Small Shape DP | Checksum: 9f598b69

Time (s): cpu = 00:01:28 ; elapsed = 00:00:52 . Memory (MB): peak = 3230.590 ; gain = 0.000

Phase 3.6 Re-assign LUT pins
Phase 3.6 Re-assign LUT pins | Checksum: bdcb1cc7

Time (s): cpu = 00:01:29 ; elapsed = 00:00:53 . Memory (MB): peak = 3230.590 ; gain = 0.000

Phase 3.7 Pipeline Register Optimization
Phase 3.7 Pipeline Register Optimization | Checksum: 15140cfc8

Time (s): cpu = 00:01:29 ; elapsed = 00:00:54 . Memory (MB): peak = 3230.590 ; gain = 0.000
Phase 3 Detail Placement | Checksum: 15140cfc8

Time (s): cpu = 00:01:29 ; elapsed = 00:00:54 . Memory (MB): peak = 3230.590 ; gain = 0.000

Phase 4 Post Placement Optimization and Clean-Up

Phase 4.1 Post Commit Optimization
INFO: [Timing 38-35] Done setting XDC timing constraints.
WARNING: [Timing 38-252] The BUFG_GT instance 'u_ibert_gth_core/inst/QUAD[0].u_q/u_common/u_clocking/rx_ind.u_rxusr0_0' has DIV pins that are not constant, so the automatically derived generated clock will use a worst case divide of 1.
WARNING: [Timing 38-252] The BUFG_GT instance 'u_ibert_gth_core/inst/QUAD[0].u_q/u_common/u_clocking/rx_ind.u_rxusr0_1' has DIV pins that are not constant, so the automatically derived generated clock will use a worst case divide of 1.
WARNING: [Timing 38-252] The BUFG_GT instance 'u_ibert_gth_core/inst/QUAD[0].u_q/u_common/u_clocking/rx_ind.u_rxusr1_0' has DIV pins that are not constant, so the automatically derived generated clock will use a worst case divide of 1.
WARNING: [Timing 38-252] The BUFG_GT instance 'u_ibert_gth_core/inst/QUAD[0].u_q/u_common/u_clocking/rx_ind.u_rxusr1_1' has DIV pins that are not constant, so the automatically derived generated clock will use a worst case divide of 1.
WARNING: [Timing 38-252] The BUFG_GT instance 'u_ibert_gth_core/inst/QUAD[0].u_q/u_common/u_clocking/rx_ind.u_rxusr2_0' has DIV pins that are not constant, so the automatically derived generated clock will use a worst case divide of 1.
WARNING: [Timing 38-252] The BUFG_GT instance 'u_ibert_gth_core/inst/QUAD[0].u_q/u_common/u_clocking/rx_ind.u_rxusr2_1' has DIV pins that are not constant, so the automatically derived generated clock will use a worst case divide of 1.
WARNING: [Timing 38-252] The BUFG_GT instance 'u_ibert_gth_core/inst/QUAD[0].u_q/u_common/u_clocking/rx_ind.u_rxusr3_0' has DIV pins that are not constant, so the automatically derived generated clock will use a worst case divide of 1.
WARNING: [Timing 38-252] The BUFG_GT instance 'u_ibert_gth_core/inst/QUAD[0].u_q/u_common/u_clocking/rx_ind.u_rxusr3_1' has DIV pins that are not constant, so the automatically derived generated clock will use a worst case divide of 1.
WARNING: [Timing 38-252] The BUFG_GT instance 'u_ibert_gth_core/inst/QUAD[0].u_q/u_common/u_clocking/tx_ind.u_txusr0_0' has DIV pins that are not constant, so the automatically derived generated clock will use a worst case divide of 1.
WARNING: [Timing 38-252] The BUFG_GT instance 'u_ibert_gth_core/inst/QUAD[0].u_q/u_common/u_clocking/tx_ind.u_txusr0_1' has DIV pins that are not constant, so the automatically derived generated clock will use a worst case divide of 1.
WARNING: [Timing 38-252] The BUFG_GT instance 'u_ibert_gth_core/inst/QUAD[0].u_q/u_common/u_clocking/tx_ind.u_txusr1_0' has DIV pins that are not constant, so the automatically derived generated clock will use a worst case divide of 1.
WARNING: [Timing 38-252] The BUFG_GT instance 'u_ibert_gth_core/inst/QUAD[0].u_q/u_common/u_clocking/tx_ind.u_txusr1_1' has DIV pins that are not constant, so the automatically derived generated clock will use a worst case divide of 1.
WARNING: [Timing 38-252] The BUFG_GT instance 'u_ibert_gth_core/inst/QUAD[0].u_q/u_common/u_clocking/tx_ind.u_txusr2_0' has DIV pins that are not constant, so the automatically derived generated clock will use a worst case divide of 1.
WARNING: [Timing 38-252] The BUFG_GT instance 'u_ibert_gth_core/inst/QUAD[0].u_q/u_common/u_clocking/tx_ind.u_txusr2_1' has DIV pins that are not constant, so the automatically derived generated clock will use a worst case divide of 1.
WARNING: [Timing 38-252] The BUFG_GT instance 'u_ibert_gth_core/inst/QUAD[0].u_q/u_common/u_clocking/tx_ind.u_txusr3_0' has DIV pins that are not constant, so the automatically derived generated clock will use a worst case divide of 1.
WARNING: [Timing 38-252] The BUFG_GT instance 'u_ibert_gth_core/inst/QUAD[0].u_q/u_common/u_clocking/tx_ind.u_txusr3_1' has DIV pins that are not constant, so the automatically derived generated clock will use a worst case divide of 1.

Phase 4.1.1 Post Placement Optimization
Post Placement Optimization Initialization | Checksum: 1e8906b5c

Phase 4.1.1.1 BUFG Insertion

Starting Physical Synthesis Task

Phase 1 Physical Synthesis Initialization
INFO: [Physopt 32-721] Multithreading enabled for phys_opt_design using a maximum of 2 CPUs
INFO: [Physopt 32-619] Estimated Timing Summary | WNS=1.281 | TNS=0.000 |
Phase 1 Physical Synthesis Initialization | Checksum: 25e11d103

Time (s): cpu = 00:00:02 ; elapsed = 00:00:02 . Memory (MB): peak = 3230.590 ; gain = 0.000
INFO: [Place 46-56] BUFG insertion identified 0 candidate nets. Inserted BUFG: 0, Replicated BUFG Driver: 0, Skipped due to Placement/Routing Conflicts: 0, Skipped due to Timing Degradation: 0, Skipped due to Illegal Netlist: 0.
Ending Physical Synthesis Task | Checksum: 1ec2a494b

Time (s): cpu = 00:00:02 ; elapsed = 00:00:02 . Memory (MB): peak = 3230.590 ; gain = 0.000
Phase 4.1.1.1 BUFG Insertion | Checksum: 1e8906b5c

Time (s): cpu = 00:01:43 ; elapsed = 00:01:03 . Memory (MB): peak = 3230.590 ; gain = 0.000
INFO: [Place 30-746] Post Placement Timing Summary WNS=1.281. For the most accurate timing information please run report_timing.
Phase 4.1.1 Post Placement Optimization | Checksum: 189b2c3cb

Time (s): cpu = 00:01:43 ; elapsed = 00:01:04 . Memory (MB): peak = 3230.590 ; gain = 0.000
Phase 4.1 Post Commit Optimization | Checksum: 189b2c3cb

Time (s): cpu = 00:01:43 ; elapsed = 00:01:04 . Memory (MB): peak = 3230.590 ; gain = 0.000

Phase 4.2 Post Placement Cleanup
Phase 4.2 Post Placement Cleanup | Checksum: 189b2c3cb

Time (s): cpu = 00:01:44 ; elapsed = 00:01:04 . Memory (MB): peak = 3230.590 ; gain = 0.000
Netlist sorting complete. Time (s): cpu = 00:00:00 ; elapsed = 00:00:00.018 . Memory (MB): peak = 3230.590 ; gain = 0.000

Phase 4.3 Placer Reporting
Phase 4.3 Placer Reporting | Checksum: 25d9737a1

Time (s): cpu = 00:01:45 ; elapsed = 00:01:05 . Memory (MB): peak = 3230.590 ; gain = 0.000

Phase 4.4 Final Placement Cleanup
Netlist sorting complete. Time (s): cpu = 00:00:00 ; elapsed = 00:00:00.019 . Memory (MB): peak = 3230.590 ; gain = 0.000
Phase 4.4 Final Placement Cleanup | Checksum: 265914162

Time (s): cpu = 00:01:45 ; elapsed = 00:01:05 . Memory (MB): peak = 3230.590 ; gain = 0.000
Phase 4 Post Placement Optimization and Clean-Up | Checksum: 265914162

Time (s): cpu = 00:01:45 ; elapsed = 00:01:05 . Memory (MB): peak = 3230.590 ; gain = 0.000
Ending Placer Task | Checksum: 20bc90150

Time (s): cpu = 00:01:45 ; elapsed = 00:01:05 . Memory (MB): peak = 3230.590 ; gain = 0.000
INFO: [Common 17-83] Releasing license: Implementation
78 Infos, 100 Warnings, 0 Critical Warnings and 0 Errors encountered.
place_design completed successfully
place_design: Time (s): cpu = 00:01:49 ; elapsed = 00:01:08 . Memory (MB): peak = 3230.590 ; gain = 0.000
INFO: [Timing 38-480] Writing timing data to binary archive.
Writing placer database...
Writing XDEF routing.
Writing XDEF routing logical nets.
Writing XDEF routing special nets.
Write XDEF Complete: Time (s): cpu = 00:00:04 ; elapsed = 00:00:01 . Memory (MB): peak = 3230.590 ; gain = 0.000
INFO: [Common 17-1381] The checkpoint 'b:/ku040_prj/ibert_ultrascale_gth_0_ex/ibert_ultrascale_gth_0_ex.runs/impl_1/example_ibert_ultrascale_gth_0_placed.dcp' has been generated.
write_checkpoint: Time (s): cpu = 00:00:09 ; elapsed = 00:00:05 . Memory (MB): peak = 3230.590 ; gain = 0.000
INFO: [runtcl-4] Executing : report_io -file example_ibert_ultrascale_gth_0_io_placed.rpt
report_io: Time (s): cpu = 00:00:01 ; elapsed = 00:00:00.120 . Memory (MB): peak = 3230.590 ; gain = 0.000
INFO: [runtcl-4] Executing : report_utilization -file example_ibert_ultrascale_gth_0_utilization_placed.rpt -pb example_ibert_ultrascale_gth_0_utilization_placed.pb
INFO: [runtcl-4] Executing : report_control_sets -verbose -file example_ibert_ultrascale_gth_0_control_sets_placed.rpt
report_control_sets: Time (s): cpu = 00:00:00 ; elapsed = 00:00:00.086 . Memory (MB): peak = 3230.590 ; gain = 0.000
Command: phys_opt_design
Attempting to get a license for feature 'Implementation' and/or device 'xcku040'
INFO: [Common 17-349] Got license for feature 'Implementation' and/or device 'xcku040'
INFO: [Vivado_Tcl 4-383] Design worst setup slack (WNS) is greater than or equal to 0.000 ns. Skipping all physical synthesis optimizations.
INFO: [Vivado_Tcl 4-232] No setup violation found. The netlist was not modified.
INFO: [Common 17-83] Releasing license: Implementation
87 Infos, 100 Warnings, 0 Critical Warnings and 0 Errors encountered.
phys_opt_design completed successfully
phys_opt_design: Time (s): cpu = 00:00:10 ; elapsed = 00:00:05 . Memory (MB): peak = 3230.590 ; gain = 0.000
INFO: [Timing 38-480] Writing timing data to binary archive.
Writing placer database...
Writing XDEF routing.
Writing XDEF routing logical nets.
Writing XDEF routing special nets.
Write XDEF Complete: Time (s): cpu = 00:00:04 ; elapsed = 00:00:02 . Memory (MB): peak = 3230.590 ; gain = 0.000
INFO: [Common 17-1381] The checkpoint 'b:/ku040_prj/ibert_ultrascale_gth_0_ex/ibert_ultrascale_gth_0_ex.runs/impl_1/example_ibert_ultrascale_gth_0_physopt.dcp' has been generated.
write_checkpoint: Time (s): cpu = 00:00:09 ; elapsed = 00:00:06 . Memory (MB): peak = 3230.590 ; gain = 0.000
Command: route_design
Attempting to get a license for feature 'Implementation' and/or device 'xcku040'
INFO: [Common 17-349] Got license for feature 'Implementation' and/or device 'xcku040'
Running DRC as a precondition to command route_design
INFO: [DRC 23-27] Running DRC with 2 threads
INFO: [Vivado_Tcl 4-198] DRC finished with 0 Errors
INFO: [Vivado_Tcl 4-199] Please refer to the DRC report (report_drc) for more information.


Starting Routing Task
INFO: [Route 35-254] Multithreading enabled for route_design using a maximum of 2 CPUs
Checksum: PlaceDB: 46be5feb ConstDB: 0 ShapeSum: f1262d8f RouteDB: d3e473d6

Phase 1 Build RT Design
Phase 1 Build RT Design | Checksum: 13f872db9

Time (s): cpu = 00:01:17 ; elapsed = 00:00:54 . Memory (MB): peak = 3230.590 ; gain = 0.000
Post Restoration Checksum: NetGraph: 6eb46008 NumContArr: 4d0fc4b9 Constraints: 46db4a2b Timing: 0

Phase 2 Router Initialization

Phase 2.1 Create Timer
Phase 2.1 Create Timer | Checksum: 1029f6eec

Time (s): cpu = 00:01:17 ; elapsed = 00:00:54 . Memory (MB): peak = 3230.590 ; gain = 0.000

Phase 2.2 Fix Topology Constraints
Phase 2.2 Fix Topology Constraints | Checksum: 1029f6eec

Time (s): cpu = 00:01:17 ; elapsed = 00:00:54 . Memory (MB): peak = 3230.590 ; gain = 0.000

Phase 2.3 Pre Route Cleanup
Phase 2.3 Pre Route Cleanup | Checksum: 1029f6eec

Time (s): cpu = 00:01:17 ; elapsed = 00:00:54 . Memory (MB): peak = 3230.590 ; gain = 0.000

Phase 2.4 Global Clock Net Routing
 Number of Nodes with overlaps = 0
Phase 2.4 Global Clock Net Routing | Checksum: 176cac61b

Time (s): cpu = 00:01:19 ; elapsed = 00:00:56 . Memory (MB): peak = 3230.590 ; gain = 0.000

Phase 2.5 Update Timing
Phase 2.5 Update Timing | Checksum: 1dcea3b4e

Time (s): cpu = 00:01:33 ; elapsed = 00:01:06 . Memory (MB): peak = 3230.590 ; gain = 0.000
INFO: [Route 35-416] Intermediate Timing Summary | WNS=1.359  | TNS=0.000  | WHS=-0.074 | THS=-1.376 |


Phase 2.6 Update Timing for Bus Skew

Phase 2.6.1 Update Timing
Phase 2.6.1 Update Timing | Checksum: 1b6fe5748

Time (s): cpu = 00:01:47 ; elapsed = 00:01:14 . Memory (MB): peak = 3230.590 ; gain = 0.000
INFO: [Route 35-416] Intermediate Timing Summary | WNS=1.359  | TNS=0.000  | WHS=N/A    | THS=N/A    |

Phase 2.6 Update Timing for Bus Skew | Checksum: 1e06690cd

Time (s): cpu = 00:01:47 ; elapsed = 00:01:14 . Memory (MB): peak = 3230.590 ; gain = 0.000
Phase 2 Router Initialization | Checksum: e9625751

Time (s): cpu = 00:01:47 ; elapsed = 00:01:14 . Memory (MB): peak = 3230.590 ; gain = 0.000

Router Utilization Summary
  Global Vertical Routing Utilization    = 0.00243985 %
  Global Horizontal Routing Utilization  = 0.00383901 %
  Routable Net Status*
  *Does not include unroutable nets such as driverless and loadless.
  Run report_route_status for detailed report.
  Number of Failed Nets               = 22461
    (Failed Nets is the sum of unrouted and partially routed nets)
  Number of Unrouted Nets             = 19906
  Number of Partially Routed Nets     = 2555
  Number of Node Overlaps             = 0


Phase 3 Initial Routing
Phase 3 Initial Routing | Checksum: 1e1f51cae

Time (s): cpu = 00:01:55 ; elapsed = 00:01:19 . Memory (MB): peak = 3230.590 ; gain = 0.000

Phase 4 Rip-up And Reroute

Phase 4.1 Global Iteration 0
 Number of Nodes with overlaps = 3567
 Number of Nodes with overlaps = 156
 Number of Nodes with overlaps = 8
 Number of Nodes with overlaps = 4
 Number of Nodes with overlaps = 3
 Number of Nodes with overlaps = 3
 Number of Nodes with overlaps = 4
 Number of Nodes with overlaps = 2
 Number of Nodes with overlaps = 2
 Number of Nodes with overlaps = 1
 Number of Nodes with overlaps = 0
INFO: [Route 35-416] Intermediate Timing Summary | WNS=1.524  | TNS=0.000  | WHS=0.006  | THS=0.000  |

Phase 4.1 Global Iteration 0 | Checksum: 16db6ccaf

Time (s): cpu = 00:02:30 ; elapsed = 00:01:45 . Memory (MB): peak = 3230.590 ; gain = 0.000

Phase 4.2 Additional Iteration for Hold
Phase 4.2 Additional Iteration for Hold | Checksum: 1152ffcaf

Time (s): cpu = 00:02:30 ; elapsed = 00:01:45 . Memory (MB): peak = 3230.590 ; gain = 0.000
Phase 4 Rip-up And Reroute | Checksum: 1152ffcaf

Time (s): cpu = 00:02:30 ; elapsed = 00:01:45 . Memory (MB): peak = 3230.590 ; gain = 0.000

Phase 5 Delay and Skew Optimization

Phase 5.1 Delay CleanUp
Phase 5.1 Delay CleanUp | Checksum: 1152ffcaf

Time (s): cpu = 00:02:30 ; elapsed = 00:01:45 . Memory (MB): peak = 3230.590 ; gain = 0.000

Phase 5.2 Clock Skew Optimization
Phase 5.2 Clock Skew Optimization | Checksum: 1152ffcaf

Time (s): cpu = 00:02:30 ; elapsed = 00:01:45 . Memory (MB): peak = 3230.590 ; gain = 0.000
Phase 5 Delay and Skew Optimization | Checksum: 1152ffcaf

Time (s): cpu = 00:02:30 ; elapsed = 00:01:45 . Memory (MB): peak = 3230.590 ; gain = 0.000

Phase 6 Post Hold Fix

Phase 6.1 Hold Fix Iter

Phase 6.1.1 Update Timing
Phase 6.1.1 Update Timing | Checksum: f649f00b

Time (s): cpu = 00:02:34 ; elapsed = 00:01:47 . Memory (MB): peak = 3230.590 ; gain = 0.000
INFO: [Route 35-416] Intermediate Timing Summary | WNS=1.524  | TNS=0.000  | WHS=0.006  | THS=0.000  |

Phase 6.1 Hold Fix Iter | Checksum: 18201b4bf

Time (s): cpu = 00:02:34 ; elapsed = 00:01:48 . Memory (MB): peak = 3230.590 ; gain = 0.000
Phase 6 Post Hold Fix | Checksum: 18201b4bf

Time (s): cpu = 00:02:34 ; elapsed = 00:01:48 . Memory (MB): peak = 3230.590 ; gain = 0.000

Phase 7 Route finalize

Router Utilization Summary
  Global Vertical Routing Utilization    = 0.779426 %
  Global Horizontal Routing Utilization  = 1.1776 %
  Routable Net Status*
  *Does not include unroutable nets such as driverless and loadless.
  Run report_route_status for detailed report.
  Number of Failed Nets               = 0
    (Failed Nets is the sum of unrouted and partially routed nets)
  Number of Unrouted Nets             = 0
  Number of Partially Routed Nets     = 0
  Number of Node Overlaps             = 0

Phase 7 Route finalize | Checksum: 240ce1406

Time (s): cpu = 00:02:35 ; elapsed = 00:01:49 . Memory (MB): peak = 3230.590 ; gain = 0.000

Phase 8 Verifying routed nets

 Verification completed successfully
Phase 8 Verifying routed nets | Checksum: 240ce1406

Time (s): cpu = 00:02:36 ; elapsed = 00:01:49 . Memory (MB): peak = 3230.590 ; gain = 0.000

Phase 9 Depositing Routes
Phase 9 Depositing Routes | Checksum: 240ce1406

Time (s): cpu = 00:02:37 ; elapsed = 00:01:51 . Memory (MB): peak = 3230.590 ; gain = 0.000

Phase 10 Post Router Timing

Phase 10.1 Update Timing
Phase 10.1 Update Timing | Checksum: 1e2502e1b

Time (s): cpu = 00:02:41 ; elapsed = 00:01:53 . Memory (MB): peak = 3230.590 ; gain = 0.000
INFO: [Route 35-57] Estimated Timing Summary | WNS=1.524  | TNS=0.000  | WHS=0.030  | THS=0.000  |

INFO: [Route 35-327] The final timing numbers are based on the router estimated timing analysis. For a complete and accurate timing signoff, please run report_timing_summary.
Phase 10 Post Router Timing | Checksum: 1e2502e1b

Time (s): cpu = 00:02:41 ; elapsed = 00:01:53 . Memory (MB): peak = 3230.590 ; gain = 0.000
INFO: [Route 35-16] Router Completed Successfully

Time (s): cpu = 00:02:41 ; elapsed = 00:01:53 . Memory (MB): peak = 3230.590 ; gain = 0.000

Routing Is Done.
INFO: [Common 17-83] Releasing license: Implementation
102 Infos, 100 Warnings, 0 Critical Warnings and 0 Errors encountered.
route_design completed successfully
route_design: Time (s): cpu = 00:02:46 ; elapsed = 00:01:56 . Memory (MB): peak = 3230.590 ; gain = 0.000
INFO: [Timing 38-480] Writing timing data to binary archive.
Writing placer database...
Writing XDEF routing.
Writing XDEF routing logical nets.
Writing XDEF routing special nets.
Write XDEF Complete: Time (s): cpu = 00:00:05 ; elapsed = 00:00:02 . Memory (MB): peak = 3230.590 ; gain = 0.000
INFO: [Common 17-1381] The checkpoint 'b:/ku040_prj/ibert_ultrascale_gth_0_ex/ibert_ultrascale_gth_0_ex.runs/impl_1/example_ibert_ultrascale_gth_0_routed.dcp' has been generated.
write_checkpoint: Time (s): cpu = 00:00:10 ; elapsed = 00:00:05 . Memory (MB): peak = 3230.590 ; gain = 0.000
INFO: [runtcl-4] Executing : report_drc -file example_ibert_ultrascale_gth_0_drc_routed.rpt -pb example_ibert_ultrascale_gth_0_drc_routed.pb -rpx example_ibert_ultrascale_gth_0_drc_routed.rpx
Command: report_drc -file example_ibert_ultrascale_gth_0_drc_routed.rpt -pb example_ibert_ultrascale_gth_0_drc_routed.pb -rpx example_ibert_ultrascale_gth_0_drc_routed.rpx
INFO: [IP_Flow 19-1839] IP Catalog is up to date.
INFO: [DRC 23-27] Running DRC with 2 threads
INFO: [Coretcl 2-168] The results of DRC are in file b:/ku040_prj/ibert_ultrascale_gth_0_ex/ibert_ultrascale_gth_0_ex.runs/impl_1/example_ibert_ultrascale_gth_0_drc_routed.rpt.
report_drc completed successfully
INFO: [runtcl-4] Executing : report_methodology -file example_ibert_ultrascale_gth_0_methodology_drc_routed.rpt -pb example_ibert_ultrascale_gth_0_methodology_drc_routed.pb -rpx example_ibert_ultrascale_gth_0_methodology_drc_routed.rpx
Command: report_methodology -file example_ibert_ultrascale_gth_0_methodology_drc_routed.rpt -pb example_ibert_ultrascale_gth_0_methodology_drc_routed.pb -rpx example_ibert_ultrascale_gth_0_methodology_drc_routed.rpx
INFO: [Timing 38-35] Done setting XDC timing constraints.
WARNING: [Timing 38-252] The BUFG_GT instance 'u_ibert_gth_core/inst/QUAD[0].u_q/u_common/u_clocking/rx_ind.u_rxusr0_0' has DIV pins that are not constant, so the automatically derived generated clock will use a worst case divide of 1.
WARNING: [Timing 38-252] The BUFG_GT instance 'u_ibert_gth_core/inst/QUAD[0].u_q/u_common/u_clocking/rx_ind.u_rxusr0_1' has DIV pins that are not constant, so the automatically derived generated clock will use a worst case divide of 1.
WARNING: [Timing 38-252] The BUFG_GT instance 'u_ibert_gth_core/inst/QUAD[0].u_q/u_common/u_clocking/rx_ind.u_rxusr1_0' has DIV pins that are not constant, so the automatically derived generated clock will use a worst case divide of 1.
WARNING: [Timing 38-252] The BUFG_GT instance 'u_ibert_gth_core/inst/QUAD[0].u_q/u_common/u_clocking/rx_ind.u_rxusr1_1' has DIV pins that are not constant, so the automatically derived generated clock will use a worst case divide of 1.
WARNING: [Timing 38-252] The BUFG_GT instance 'u_ibert_gth_core/inst/QUAD[0].u_q/u_common/u_clocking/rx_ind.u_rxusr2_0' has DIV pins that are not constant, so the automatically derived generated clock will use a worst case divide of 1.
WARNING: [Timing 38-252] The BUFG_GT instance 'u_ibert_gth_core/inst/QUAD[0].u_q/u_common/u_clocking/rx_ind.u_rxusr2_1' has DIV pins that are not constant, so the automatically derived generated clock will use a worst case divide of 1.
WARNING: [Timing 38-252] The BUFG_GT instance 'u_ibert_gth_core/inst/QUAD[0].u_q/u_common/u_clocking/rx_ind.u_rxusr3_0' has DIV pins that are not constant, so the automatically derived generated clock will use a worst case divide of 1.
WARNING: [Timing 38-252] The BUFG_GT instance 'u_ibert_gth_core/inst/QUAD[0].u_q/u_common/u_clocking/rx_ind.u_rxusr3_1' has DIV pins that are not constant, so the automatically derived generated clock will use a worst case divide of 1.
WARNING: [Timing 38-252] The BUFG_GT instance 'u_ibert_gth_core/inst/QUAD[0].u_q/u_common/u_clocking/tx_ind.u_txusr0_0' has DIV pins that are not constant, so the automatically derived generated clock will use a worst case divide of 1.
WARNING: [Timing 38-252] The BUFG_GT instance 'u_ibert_gth_core/inst/QUAD[0].u_q/u_common/u_clocking/tx_ind.u_txusr0_1' has DIV pins that are not constant, so the automatically derived generated clock will use a worst case divide of 1.
WARNING: [Timing 38-252] The BUFG_GT instance 'u_ibert_gth_core/inst/QUAD[0].u_q/u_common/u_clocking/tx_ind.u_txusr1_0' has DIV pins that are not constant, so the automatically derived generated clock will use a worst case divide of 1.
WARNING: [Timing 38-252] The BUFG_GT instance 'u_ibert_gth_core/inst/QUAD[0].u_q/u_common/u_clocking/tx_ind.u_txusr1_1' has DIV pins that are not constant, so the automatically derived generated clock will use a worst case divide of 1.
WARNING: [Timing 38-252] The BUFG_GT instance 'u_ibert_gth_core/inst/QUAD[0].u_q/u_common/u_clocking/tx_ind.u_txusr2_0' has DIV pins that are not constant, so the automatically derived generated clock will use a worst case divide of 1.
WARNING: [Timing 38-252] The BUFG_GT instance 'u_ibert_gth_core/inst/QUAD[0].u_q/u_common/u_clocking/tx_ind.u_txusr2_1' has DIV pins that are not constant, so the automatically derived generated clock will use a worst case divide of 1.
WARNING: [Timing 38-252] The BUFG_GT instance 'u_ibert_gth_core/inst/QUAD[0].u_q/u_common/u_clocking/tx_ind.u_txusr3_0' has DIV pins that are not constant, so the automatically derived generated clock will use a worst case divide of 1.
WARNING: [Timing 38-252] The BUFG_GT instance 'u_ibert_gth_core/inst/QUAD[0].u_q/u_common/u_clocking/tx_ind.u_txusr3_1' has DIV pins that are not constant, so the automatically derived generated clock will use a worst case divide of 1.
INFO: [DRC 23-133] Running Methodology with 2 threads
INFO: [Coretcl 2-1520] The results of Report Methodology are in file b:/ku040_prj/ibert_ultrascale_gth_0_ex/ibert_ultrascale_gth_0_ex.runs/impl_1/example_ibert_ultrascale_gth_0_methodology_drc_routed.rpt.
report_methodology completed successfully
report_methodology: Time (s): cpu = 00:00:17 ; elapsed = 00:00:09 . Memory (MB): peak = 3230.590 ; gain = 0.000
INFO: [runtcl-4] Executing : report_power -file example_ibert_ultrascale_gth_0_power_routed.rpt -pb example_ibert_ultrascale_gth_0_power_summary_routed.pb -rpx example_ibert_ultrascale_gth_0_power_routed.rpx
Command: report_power -file example_ibert_ultrascale_gth_0_power_routed.rpt -pb example_ibert_ultrascale_gth_0_power_summary_routed.pb -rpx example_ibert_ultrascale_gth_0_power_routed.rpx
INFO: [Timing 38-35] Done setting XDC timing constraints.
WARNING: [Timing 38-252] The BUFG_GT instance 'u_ibert_gth_core/inst/QUAD[0].u_q/u_common/u_clocking/rx_ind.u_rxusr0_0' has DIV pins that are not constant, so the automatically derived generated clock will use a worst case divide of 1.
WARNING: [Timing 38-252] The BUFG_GT instance 'u_ibert_gth_core/inst/QUAD[0].u_q/u_common/u_clocking/rx_ind.u_rxusr0_1' has DIV pins that are not constant, so the automatically derived generated clock will use a worst case divide of 1.
WARNING: [Timing 38-252] The BUFG_GT instance 'u_ibert_gth_core/inst/QUAD[0].u_q/u_common/u_clocking/rx_ind.u_rxusr1_0' has DIV pins that are not constant, so the automatically derived generated clock will use a worst case divide of 1.
WARNING: [Timing 38-252] The BUFG_GT instance 'u_ibert_gth_core/inst/QUAD[0].u_q/u_common/u_clocking/rx_ind.u_rxusr1_1' has DIV pins that are not constant, so the automatically derived generated clock will use a worst case divide of 1.
WARNING: [Timing 38-252] The BUFG_GT instance 'u_ibert_gth_core/inst/QUAD[0].u_q/u_common/u_clocking/rx_ind.u_rxusr2_0' has DIV pins that are not constant, so the automatically derived generated clock will use a worst case divide of 1.
WARNING: [Timing 38-252] The BUFG_GT instance 'u_ibert_gth_core/inst/QUAD[0].u_q/u_common/u_clocking/rx_ind.u_rxusr2_1' has DIV pins that are not constant, so the automatically derived generated clock will use a worst case divide of 1.
WARNING: [Timing 38-252] The BUFG_GT instance 'u_ibert_gth_core/inst/QUAD[0].u_q/u_common/u_clocking/rx_ind.u_rxusr3_0' has DIV pins that are not constant, so the automatically derived generated clock will use a worst case divide of 1.
WARNING: [Timing 38-252] The BUFG_GT instance 'u_ibert_gth_core/inst/QUAD[0].u_q/u_common/u_clocking/rx_ind.u_rxusr3_1' has DIV pins that are not constant, so the automatically derived generated clock will use a worst case divide of 1.
WARNING: [Timing 38-252] The BUFG_GT instance 'u_ibert_gth_core/inst/QUAD[0].u_q/u_common/u_clocking/tx_ind.u_txusr0_0' has DIV pins that are not constant, so the automatically derived generated clock will use a worst case divide of 1.
WARNING: [Timing 38-252] The BUFG_GT instance 'u_ibert_gth_core/inst/QUAD[0].u_q/u_common/u_clocking/tx_ind.u_txusr0_1' has DIV pins that are not constant, so the automatically derived generated clock will use a worst case divide of 1.
WARNING: [Timing 38-252] The BUFG_GT instance 'u_ibert_gth_core/inst/QUAD[0].u_q/u_common/u_clocking/tx_ind.u_txusr1_0' has DIV pins that are not constant, so the automatically derived generated clock will use a worst case divide of 1.
WARNING: [Timing 38-252] The BUFG_GT instance 'u_ibert_gth_core/inst/QUAD[0].u_q/u_common/u_clocking/tx_ind.u_txusr1_1' has DIV pins that are not constant, so the automatically derived generated clock will use a worst case divide of 1.
WARNING: [Timing 38-252] The BUFG_GT instance 'u_ibert_gth_core/inst/QUAD[0].u_q/u_common/u_clocking/tx_ind.u_txusr2_0' has DIV pins that are not constant, so the automatically derived generated clock will use a worst case divide of 1.
WARNING: [Timing 38-252] The BUFG_GT instance 'u_ibert_gth_core/inst/QUAD[0].u_q/u_common/u_clocking/tx_ind.u_txusr2_1' has DIV pins that are not constant, so the automatically derived generated clock will use a worst case divide of 1.
WARNING: [Timing 38-252] The BUFG_GT instance 'u_ibert_gth_core/inst/QUAD[0].u_q/u_common/u_clocking/tx_ind.u_txusr3_0' has DIV pins that are not constant, so the automatically derived generated clock will use a worst case divide of 1.
WARNING: [Timing 38-252] The BUFG_GT instance 'u_ibert_gth_core/inst/QUAD[0].u_q/u_common/u_clocking/tx_ind.u_txusr3_1' has DIV pins that are not constant, so the automatically derived generated clock will use a worst case divide of 1.
Running Vector-less Activity Propagation...

Finished Running Vector-less Activity Propagation
114 Infos, 132 Warnings, 0 Critical Warnings and 0 Errors encountered.
report_power completed successfully
report_power: Time (s): cpu = 00:00:13 ; elapsed = 00:00:09 . Memory (MB): peak = 3230.590 ; gain = 0.000
INFO: [runtcl-4] Executing : report_route_status -file example_ibert_ultrascale_gth_0_route_status.rpt -pb example_ibert_ultrascale_gth_0_route_status.pb
INFO: [runtcl-4] Executing : report_timing_summary -max_paths 10 -file example_ibert_ultrascale_gth_0_timing_summary_routed.rpt -pb example_ibert_ultrascale_gth_0_timing_summary_routed.pb -rpx example_ibert_ultrascale_gth_0_timing_summary_routed.rpx -warn_on_violation 
INFO: [Timing 38-91] UpdateTimingParams: Speed grade: -2, Temperature grade: I, Delay Type: min_max.
INFO: [Timing 38-191] Multithreading enabled for timing update using a maximum of 2 CPUs
WARNING: [Timing 38-436] There are set_bus_skew constraint(s) in this design. Please run report_bus_skew to ensure that bus skew requirements are met.
INFO: [runtcl-4] Executing : report_incremental_reuse -file example_ibert_ultrascale_gth_0_incremental_reuse_routed.rpt
INFO: [Vivado_Tcl 4-1062] Incremental flow is disabled. No incremental reuse Info to report.
INFO: [runtcl-4] Executing : report_clock_utilization -file example_ibert_ultrascale_gth_0_clock_utilization_routed.rpt
INFO: [runtcl-4] Executing : report_bus_skew -warn_on_violation -file example_ibert_ultrascale_gth_0_bus_skew_routed.rpt -pb example_ibert_ultrascale_gth_0_bus_skew_routed.pb -rpx example_ibert_ultrascale_gth_0_bus_skew_routed.rpx
INFO: [Timing 38-91] UpdateTimingParams: Speed grade: -2, Temperature grade: I, Delay Type: min_max.
INFO: [Timing 38-191] Multithreading enabled for timing update using a maximum of 2 CPUs
Command: write_bitstream -force example_ibert_ultrascale_gth_0.bit
Attempting to get a license for feature 'Implementation' and/or device 'xcku040'
INFO: [Common 17-349] Got license for feature 'Implementation' and/or device 'xcku040'
Running DRC as a precondition to command write_bitstream
INFO: [IP_Flow 19-1839] IP Catalog is up to date.
INFO: [DRC 23-27] Running DRC with 2 threads
WARNING: [DRC CFGBVS-1] Missing CFGBVS and CONFIG_VOLTAGE Design Properties: Neither the CFGBVS nor CONFIG_VOLTAGE voltage property is set in the current_design.  Configuration bank voltage select (CFGBVS) must be set to VCCO or GND, and CONFIG_VOLTAGE must be set to the correct configuration voltage, in order to determine the I/O voltage support for the pins in bank 0.  It is suggested to specify these either using the 'Edit Device Properties' function in the GUI or directly in the XDC file using the following syntax:

 set_property CFGBVS value1 [current_design]
 #where value1 is either VCCO or GND

 set_property CONFIG_VOLTAGE value2 [current_design]
 #where value2 is the voltage provided to configuration bank 0

Refer to the device configuration user guide for more information.
WARNING: [DRC RTSTAT-10] No routable loads: 27 net(s) have no routable loads. The problem bus(es) and/or net(s) are dbg_hub/inst/BSCANID.u_xsdbm_id/CORE_XSDB.UUT_MASTER/U_ICON_INTERFACE/U_CMD6_RD/U_RD_FIFO/SUBCORE_FIFO.xsdbm_v3_0_0_rdfifo_inst/inst_fifo_gen/gconvfifo.rf/grf.rf/gntv_or_sync_fifo.gl0.rd/gr1.gr1_int.rfwft/aempty_fwft_i, dbg_hub/inst/BSCANID.u_xsdbm_id/CORE_XSDB.UUT_MASTER/U_ICON_INTERFACE/U_CMD7_CTL/ctl_reg[2:0], dbg_hub/inst/BSCANID.u_xsdbm_id/CORE_XSDB.UUT_MASTER/U_ICON_INTERFACE/U_CMD7_CTL/ctl_reg_en_2[1], dbg_hub/inst/BSCANID.u_xsdbm_id/CORE_XSDB.UUT_MASTER/U_ICON_INTERFACE/U_CMD1/ctl_reg_en_2[1], dbg_hub/inst/BSCANID.u_xsdbm_id/SWITCH_N_EXT_BSCAN.bscan_switch/m_bscan_capture[0], dbg_hub/inst/BSCANID.u_xsdbm_id/SWITCH_N_EXT_BSCAN.bscan_switch/m_bscan_drck[0], dbg_hub/inst/BSCANID.u_xsdbm_id/SWITCH_N_EXT_BSCAN.bscan_switch/m_bscan_runtest[0], dbg_hub/inst/BSCANID.u_xsdbm_id/CORE_XSDB.UUT_MASTER/U_ICON_INTERFACE/U_CMD6_WR/U_WR_FIFO/SUBCORE_FIFO.xsdbm_v3_0_0_wrfifo_inst/inst_fifo_gen/gconvfifo.rf/grf.rf/gntv_or_sync_fifo.gl0.wr/gwhf.whf/overflow, dbg_hub/inst/BSCANID.u_xsdbm_id/CORE_XSDB.UUT_MASTER/U_ICON_INTERFACE/U_CMD6_RD/U_RD_FIFO/SUBCORE_FIFO.xsdbm_v3_0_0_rdfifo_inst/inst_fifo_gen/gconvfifo.rf/grf.rf/gntv_or_sync_fifo.gl0.wr/gwhf.whf/overflow, dbg_hub/inst/BSCANID.u_xsdbm_id/CORE_XSDB.UUT_MASTER/U_ICON_INTERFACE/U_CMD6_RD/U_RD_FIFO/SUBCORE_FIFO.xsdbm_v3_0_0_rdfifo_inst/inst_fifo_gen/gconvfifo.rf/grf.rf/gntv_or_sync_fifo.gl0.rd/gras.rsts/ram_empty_i, dbg_hub/inst/BSCANID.u_xsdbm_id/CORE_XSDB.UUT_MASTER/U_ICON_INTERFACE/U_CMD6_WR/U_WR_FIFO/SUBCORE_FIFO.xsdbm_v3_0_0_wrfifo_inst/inst_fifo_gen/gconvfifo.rf/grf.rf/gntv_or_sync_fifo.gl0.wr/gwas.wsts/ram_full_i, u_ibert_gth_core/inst/QUAD[0].u_q/CH[2].u_ch/U_DMON_LUTRAM_FIFO/lutram_fifo_inst/inst_fifo_gen/gconvfifo.rf/grf.rf/gntv_or_sync_fifo.gl0.wr/gwas.wsts/ram_full_i, u_ibert_gth_core/inst/QUAD[0].u_q/CH[0].u_ch/U_DMON_LUTRAM_FIFO/lutram_fifo_inst/inst_fifo_gen/gconvfifo.rf/grf.rf/gntv_or_sync_fifo.gl0.wr/gwas.wsts/ram_full_i, u_ibert_gth_core/inst/QUAD[0].u_q/CH[1].u_ch/U_DMON_LUTRAM_FIFO/lutram_fifo_inst/inst_fifo_gen/gconvfifo.rf/grf.rf/gntv_or_sync_fifo.gl0.wr/gwas.wsts/ram_full_i, u_ibert_gth_core/inst/QUAD[0].u_q/CH[3].u_ch/U_DMON_LUTRAM_FIFO/lutram_fifo_inst/inst_fifo_gen/gconvfifo.rf/grf.rf/gntv_or_sync_fifo.gl0.wr/gwas.wsts/ram_full_i... and (the first 15 of 25 listed).
INFO: [DRC AVAL-155] enum_AMULTSEL_BMULTSEL_enum_DREG_ADREG_0_connects_CED_CEAD_RSTD_GND: u_ibert_gth_core/inst/QUAD[0].u_q/CH[0].u_ch/U_PATTERN_HANDLER/bit_err_counter/u_accum_inst/i_synth/i_baseip.i_xbip_accum/dsp48_implementation.use_usecase.i_xbip_dsp48_acc/i_synth_option.i_synth_model/opt_vx5.i_uniwrap/i_primitive: DSP48E2 is not using the D port (AMULTSEL = A and BMULTSEL = B). For improved power characteristics, set DREG and ADREG to '1', tie CED, CEAD, and RSTD to logic '0'.
INFO: [DRC AVAL-155] enum_AMULTSEL_BMULTSEL_enum_DREG_ADREG_0_connects_CED_CEAD_RSTD_GND: u_ibert_gth_core/inst/QUAD[0].u_q/CH[0].u_ch/U_PATTERN_HANDLER/rx_word_counter/u_accum_inst/i_synth/i_baseip.i_xbip_accum/dsp48_implementation.use_usecase.i_xbip_dsp48_acc/i_synth_option.i_synth_model/opt_vx5.i_uniwrap/i_primitive: DSP48E2 is not using the D port (AMULTSEL = A and BMULTSEL = B). For improved power characteristics, set DREG and ADREG to '1', tie CED, CEAD, and RSTD to logic '0'.
INFO: [DRC AVAL-155] enum_AMULTSEL_BMULTSEL_enum_DREG_ADREG_0_connects_CED_CEAD_RSTD_GND: u_ibert_gth_core/inst/QUAD[0].u_q/CH[1].u_ch/U_PATTERN_HANDLER/bit_err_counter/u_accum_inst/i_synth/i_baseip.i_xbip_accum/dsp48_implementation.use_usecase.i_xbip_dsp48_acc/i_synth_option.i_synth_model/opt_vx5.i_uniwrap/i_primitive: DSP48E2 is not using the D port (AMULTSEL = A and BMULTSEL = B). For improved power characteristics, set DREG and ADREG to '1', tie CED, CEAD, and RSTD to logic '0'.
INFO: [DRC AVAL-155] enum_AMULTSEL_BMULTSEL_enum_DREG_ADREG_0_connects_CED_CEAD_RSTD_GND: u_ibert_gth_core/inst/QUAD[0].u_q/CH[1].u_ch/U_PATTERN_HANDLER/rx_word_counter/u_accum_inst/i_synth/i_baseip.i_xbip_accum/dsp48_implementation.use_usecase.i_xbip_dsp48_acc/i_synth_option.i_synth_model/opt_vx5.i_uniwrap/i_primitive: DSP48E2 is not using the D port (AMULTSEL = A and BMULTSEL = B). For improved power characteristics, set DREG and ADREG to '1', tie CED, CEAD, and RSTD to logic '0'.
INFO: [DRC AVAL-155] enum_AMULTSEL_BMULTSEL_enum_DREG_ADREG_0_connects_CED_CEAD_RSTD_GND: u_ibert_gth_core/inst/QUAD[0].u_q/CH[2].u_ch/U_PATTERN_HANDLER/bit_err_counter/u_accum_inst/i_synth/i_baseip.i_xbip_accum/dsp48_implementation.use_usecase.i_xbip_dsp48_acc/i_synth_option.i_synth_model/opt_vx5.i_uniwrap/i_primitive: DSP48E2 is not using the D port (AMULTSEL = A and BMULTSEL = B). For improved power characteristics, set DREG and ADREG to '1', tie CED, CEAD, and RSTD to logic '0'.
INFO: [DRC AVAL-155] enum_AMULTSEL_BMULTSEL_enum_DREG_ADREG_0_connects_CED_CEAD_RSTD_GND: u_ibert_gth_core/inst/QUAD[0].u_q/CH[2].u_ch/U_PATTERN_HANDLER/rx_word_counter/u_accum_inst/i_synth/i_baseip.i_xbip_accum/dsp48_implementation.use_usecase.i_xbip_dsp48_acc/i_synth_option.i_synth_model/opt_vx5.i_uniwrap/i_primitive: DSP48E2 is not using the D port (AMULTSEL = A and BMULTSEL = B). For improved power characteristics, set DREG and ADREG to '1', tie CED, CEAD, and RSTD to logic '0'.
INFO: [DRC AVAL-155] enum_AMULTSEL_BMULTSEL_enum_DREG_ADREG_0_connects_CED_CEAD_RSTD_GND: u_ibert_gth_core/inst/QUAD[0].u_q/CH[3].u_ch/U_PATTERN_HANDLER/bit_err_counter/u_accum_inst/i_synth/i_baseip.i_xbip_accum/dsp48_implementation.use_usecase.i_xbip_dsp48_acc/i_synth_option.i_synth_model/opt_vx5.i_uniwrap/i_primitive: DSP48E2 is not using the D port (AMULTSEL = A and BMULTSEL = B). For improved power characteristics, set DREG and ADREG to '1', tie CED, CEAD, and RSTD to logic '0'.
INFO: [DRC AVAL-155] enum_AMULTSEL_BMULTSEL_enum_DREG_ADREG_0_connects_CED_CEAD_RSTD_GND: u_ibert_gth_core/inst/QUAD[0].u_q/CH[3].u_ch/U_PATTERN_HANDLER/rx_word_counter/u_accum_inst/i_synth/i_baseip.i_xbip_accum/dsp48_implementation.use_usecase.i_xbip_dsp48_acc/i_synth_option.i_synth_model/opt_vx5.i_uniwrap/i_primitive: DSP48E2 is not using the D port (AMULTSEL = A and BMULTSEL = B). For improved power characteristics, set DREG and ADREG to '1', tie CED, CEAD, and RSTD to logic '0'.
INFO: [DRC AVAL-156] enum_USE_MULT_NONE__enum_DREG_ADREG_0_connects_CED_CEAD_RSTD_GND: u_ibert_gth_core/inst/QUAD[0].u_q/CH[0].u_ch/U_PATTERN_HANDLER/bit_err_counter/u_accum_inst/i_synth/i_baseip.i_xbip_accum/dsp48_implementation.use_usecase.i_xbip_dsp48_acc/i_synth_option.i_synth_model/opt_vx5.i_uniwrap/i_primitive: DSP48E2 is not using the Multiplier (USE_MULT = NONE). For improved power characteristics, set DREG and ADREG to '1', tie CED, CEAD, and RSTD to logic '0'.
INFO: [DRC AVAL-156] enum_USE_MULT_NONE__enum_DREG_ADREG_0_connects_CED_CEAD_RSTD_GND: u_ibert_gth_core/inst/QUAD[0].u_q/CH[0].u_ch/U_PATTERN_HANDLER/rx_word_counter/u_accum_inst/i_synth/i_baseip.i_xbip_accum/dsp48_implementation.use_usecase.i_xbip_dsp48_acc/i_synth_option.i_synth_model/opt_vx5.i_uniwrap/i_primitive: DSP48E2 is not using the Multiplier (USE_MULT = NONE). For improved power characteristics, set DREG and ADREG to '1', tie CED, CEAD, and RSTD to logic '0'.
INFO: [DRC AVAL-156] enum_USE_MULT_NONE__enum_DREG_ADREG_0_connects_CED_CEAD_RSTD_GND: u_ibert_gth_core/inst/QUAD[0].u_q/CH[1].u_ch/U_PATTERN_HANDLER/bit_err_counter/u_accum_inst/i_synth/i_baseip.i_xbip_accum/dsp48_implementation.use_usecase.i_xbip_dsp48_acc/i_synth_option.i_synth_model/opt_vx5.i_uniwrap/i_primitive: DSP48E2 is not using the Multiplier (USE_MULT = NONE). For improved power characteristics, set DREG and ADREG to '1', tie CED, CEAD, and RSTD to logic '0'.
INFO: [DRC AVAL-156] enum_USE_MULT_NONE__enum_DREG_ADREG_0_connects_CED_CEAD_RSTD_GND: u_ibert_gth_core/inst/QUAD[0].u_q/CH[1].u_ch/U_PATTERN_HANDLER/rx_word_counter/u_accum_inst/i_synth/i_baseip.i_xbip_accum/dsp48_implementation.use_usecase.i_xbip_dsp48_acc/i_synth_option.i_synth_model/opt_vx5.i_uniwrap/i_primitive: DSP48E2 is not using the Multiplier (USE_MULT = NONE). For improved power characteristics, set DREG and ADREG to '1', tie CED, CEAD, and RSTD to logic '0'.
INFO: [DRC AVAL-156] enum_USE_MULT_NONE__enum_DREG_ADREG_0_connects_CED_CEAD_RSTD_GND: u_ibert_gth_core/inst/QUAD[0].u_q/CH[2].u_ch/U_PATTERN_HANDLER/bit_err_counter/u_accum_inst/i_synth/i_baseip.i_xbip_accum/dsp48_implementation.use_usecase.i_xbip_dsp48_acc/i_synth_option.i_synth_model/opt_vx5.i_uniwrap/i_primitive: DSP48E2 is not using the Multiplier (USE_MULT = NONE). For improved power characteristics, set DREG and ADREG to '1', tie CED, CEAD, and RSTD to logic '0'.
INFO: [DRC AVAL-156] enum_USE_MULT_NONE__enum_DREG_ADREG_0_connects_CED_CEAD_RSTD_GND: u_ibert_gth_core/inst/QUAD[0].u_q/CH[2].u_ch/U_PATTERN_HANDLER/rx_word_counter/u_accum_inst/i_synth/i_baseip.i_xbip_accum/dsp48_implementation.use_usecase.i_xbip_dsp48_acc/i_synth_option.i_synth_model/opt_vx5.i_uniwrap/i_primitive: DSP48E2 is not using the Multiplier (USE_MULT = NONE). For improved power characteristics, set DREG and ADREG to '1', tie CED, CEAD, and RSTD to logic '0'.
INFO: [DRC AVAL-156] enum_USE_MULT_NONE__enum_DREG_ADREG_0_connects_CED_CEAD_RSTD_GND: u_ibert_gth_core/inst/QUAD[0].u_q/CH[3].u_ch/U_PATTERN_HANDLER/bit_err_counter/u_accum_inst/i_synth/i_baseip.i_xbip_accum/dsp48_implementation.use_usecase.i_xbip_dsp48_acc/i_synth_option.i_synth_model/opt_vx5.i_uniwrap/i_primitive: DSP48E2 is not using the Multiplier (USE_MULT = NONE). For improved power characteristics, set DREG and ADREG to '1', tie CED, CEAD, and RSTD to logic '0'.
INFO: [DRC AVAL-156] enum_USE_MULT_NONE__enum_DREG_ADREG_0_connects_CED_CEAD_RSTD_GND: u_ibert_gth_core/inst/QUAD[0].u_q/CH[3].u_ch/U_PATTERN_HANDLER/rx_word_counter/u_accum_inst/i_synth/i_baseip.i_xbip_accum/dsp48_implementation.use_usecase.i_xbip_dsp48_acc/i_synth_option.i_synth_model/opt_vx5.i_uniwrap/i_primitive: DSP48E2 is not using the Multiplier (USE_MULT = NONE). For improved power characteristics, set DREG and ADREG to '1', tie CED, CEAD, and RSTD to logic '0'.
INFO: [DRC REQP-1701] enum_DREG_0_connects_CED_GND: u_ibert_gth_core/inst/QUAD[0].u_q/CH[0].u_ch/U_PATTERN_HANDLER/bit_err_counter/u_accum_inst/i_synth/i_baseip.i_xbip_accum/dsp48_implementation.use_usecase.i_xbip_dsp48_acc/i_synth_option.i_synth_model/opt_vx5.i_uniwrap/i_primitive: When the DSP48E2 DREG attribute is set to 0, the CED input pin should be tied to GND to save power.
INFO: [DRC REQP-1701] enum_DREG_0_connects_CED_GND: u_ibert_gth_core/inst/QUAD[0].u_q/CH[0].u_ch/U_PATTERN_HANDLER/rx_word_counter/u_accum_inst/i_synth/i_baseip.i_xbip_accum/dsp48_implementation.use_usecase.i_xbip_dsp48_acc/i_synth_option.i_synth_model/opt_vx5.i_uniwrap/i_primitive: When the DSP48E2 DREG attribute is set to 0, the CED input pin should be tied to GND to save power.
INFO: [DRC REQP-1701] enum_DREG_0_connects_CED_GND: u_ibert_gth_core/inst/QUAD[0].u_q/CH[1].u_ch/U_PATTERN_HANDLER/bit_err_counter/u_accum_inst/i_synth/i_baseip.i_xbip_accum/dsp48_implementation.use_usecase.i_xbip_dsp48_acc/i_synth_option.i_synth_model/opt_vx5.i_uniwrap/i_primitive: When the DSP48E2 DREG attribute is set to 0, the CED input pin should be tied to GND to save power.
INFO: [DRC REQP-1701] enum_DREG_0_connects_CED_GND: u_ibert_gth_core/inst/QUAD[0].u_q/CH[1].u_ch/U_PATTERN_HANDLER/rx_word_counter/u_accum_inst/i_synth/i_baseip.i_xbip_accum/dsp48_implementation.use_usecase.i_xbip_dsp48_acc/i_synth_option.i_synth_model/opt_vx5.i_uniwrap/i_primitive: When the DSP48E2 DREG attribute is set to 0, the CED input pin should be tied to GND to save power.
INFO: [DRC REQP-1701] enum_DREG_0_connects_CED_GND: u_ibert_gth_core/inst/QUAD[0].u_q/CH[2].u_ch/U_PATTERN_HANDLER/bit_err_counter/u_accum_inst/i_synth/i_baseip.i_xbip_accum/dsp48_implementation.use_usecase.i_xbip_dsp48_acc/i_synth_option.i_synth_model/opt_vx5.i_uniwrap/i_primitive: When the DSP48E2 DREG attribute is set to 0, the CED input pin should be tied to GND to save power.
INFO: [DRC REQP-1701] enum_DREG_0_connects_CED_GND: u_ibert_gth_core/inst/QUAD[0].u_q/CH[2].u_ch/U_PATTERN_HANDLER/rx_word_counter/u_accum_inst/i_synth/i_baseip.i_xbip_accum/dsp48_implementation.use_usecase.i_xbip_dsp48_acc/i_synth_option.i_synth_model/opt_vx5.i_uniwrap/i_primitive: When the DSP48E2 DREG attribute is set to 0, the CED input pin should be tied to GND to save power.
INFO: [DRC REQP-1701] enum_DREG_0_connects_CED_GND: u_ibert_gth_core/inst/QUAD[0].u_q/CH[3].u_ch/U_PATTERN_HANDLER/bit_err_counter/u_accum_inst/i_synth/i_baseip.i_xbip_accum/dsp48_implementation.use_usecase.i_xbip_dsp48_acc/i_synth_option.i_synth_model/opt_vx5.i_uniwrap/i_primitive: When the DSP48E2 DREG attribute is set to 0, the CED input pin should be tied to GND to save power.
INFO: [DRC REQP-1701] enum_DREG_0_connects_CED_GND: u_ibert_gth_core/inst/QUAD[0].u_q/CH[3].u_ch/U_PATTERN_HANDLER/rx_word_counter/u_accum_inst/i_synth/i_baseip.i_xbip_accum/dsp48_implementation.use_usecase.i_xbip_dsp48_acc/i_synth_option.i_synth_model/opt_vx5.i_uniwrap/i_primitive: When the DSP48E2 DREG attribute is set to 0, the CED input pin should be tied to GND to save power.
INFO: [Vivado 12-3199] DRC finished with 0 Errors, 2 Warnings, 24 Advisories
INFO: [Vivado 12-3200] Please refer to the DRC report (report_drc) for more information.
INFO: [Designutils 20-2272] Running write_bitstream with 2 threads.
Loading data files...
Loading site data...
Loading route data...
Processing options...
Creating bitmap...
Creating bitstream...
Writing bitstream ./example_ibert_ultrascale_gth_0.bit...
INFO: [Vivado 12-1842] Bitgen Completed Successfully.
INFO: [Common 17-83] Releasing license: Implementation
156 Infos, 135 Warnings, 0 Critical Warnings and 0 Errors encountered.
write_bitstream completed successfully
write_bitstream: Time (s): cpu = 00:00:37 ; elapsed = 00:00:34 . Memory (MB): peak = 3230.590 ; gain = 0.000
INFO: [Common 17-206] Exiting Vivado at Thu Nov  3 10:42:42 2022...
